"2019-05-20 15:34:10,213-test_login.py-INFO-日志信息：准备测试前置"
"2019-05-20 15:34:10,216-test_login.py-INFO-日志信息：开始测试：正常登录"
"2019-05-20 15:34:10,226-test_login.py-INFO-日志信息：开始测试：输入错误的密码"
"2019-05-20 15:34:10,228-test_login.py-INFO-日志信息：开始测试：不输入密码"
"2019-05-20 15:34:10,229-test_login.py-INFO-日志信息：开始测试：不输入手机号码"
"2019-05-20 15:34:42,136-test_login.py-INFO-日志信息：准备测试前置"
"2019-05-20 15:34:42,138-test_login.py-INFO-日志信息：开始测试：正常登录"
"2019-05-20 15:34:42,141-test_login.py-INFO-日志信息：开始测试：输入错误的密码"
"2019-05-20 15:34:42,142-test_login.py-INFO-日志信息：开始测试：不输入密码"
"2019-05-20 15:34:42,144-test_login.py-INFO-日志信息：开始测试：不输入手机号码"
"2019-05-20 15:34:42,146-test_login.py-INFO-日志信息：测试后置处理"
"2019-05-20 15:35:37,982-test_login.py-INFO-日志信息：准备测试前置"
"2019-05-20 15:35:37,984-test_login.py-INFO-日志信息：开始测试：正常登录"
"2019-05-20 15:35:37,987-test_login.py-INFO-日志信息：开始测试：输入错误的密码"
"2019-05-20 15:35:37,989-test_login.py-INFO-日志信息：开始测试：不输入密码"
"2019-05-20 15:35:37,991-test_login.py-INFO-日志信息：开始测试：不输入手机号码"
"2019-05-20 15:35:37,992-test_login.py-INFO-日志信息：测试后置处理"
"2019-05-20 15:37:16,768-test_login.py-INFO-日志信息：准备测试前置"
"2019-05-20 15:37:16,768-test_login.py-INFO-日志信息：准备测试前置"
"2019-05-20 15:37:16,770-test_login.py-INFO-日志信息：开始测试：正常登录"
"2019-05-20 15:37:16,770-test_login.py-INFO-日志信息：开始测试：正常登录"
"2019-05-20 15:37:16,771-http_request.py-DEBUG-日志信息：请求url:http://test.lemonban.com/futureloan/mvc/api/member/login"
"2019-05-20 15:37:16,771-http_request.py-DEBUG-日志信息：请求url:http://test.lemonban.com/futureloan/mvc/api/member/login"
"2019-05-20 15:37:16,771-http_request.py-DEBUG-日志信息：请求data:{'mobilephone': '15810447878', 'pwd': '123456'}"
"2019-05-20 15:37:16,771-http_request.py-DEBUG-日志信息：请求data:{'mobilephone': '15810447878', 'pwd': '123456'}"
"2019-05-20 15:37:16,862-http_request.py-DEBUG-日志信息：请求response:{"status":1,"code":"10001","data":null,"msg":"登录成功"}"
"2019-05-20 15:37:16,862-http_request.py-DEBUG-日志信息：请求response:{"status":1,"code":"10001","data":null,"msg":"登录成功"}"
"2019-05-20 15:37:16,914-test_login.py-INFO-日志信息：结束测试：正常登录"
"2019-05-20 15:37:16,914-test_login.py-INFO-日志信息：结束测试：正常登录"
"2019-05-20 15:37:16,915-test_login.py-INFO-日志信息：开始测试：输入错误的密码"
"2019-05-20 15:37:16,915-test_login.py-INFO-日志信息：开始测试：输入错误的密码"
"2019-05-20 15:37:16,915-http_request.py-DEBUG-日志信息：请求url:http://test.lemonban.com/futureloan/mvc/api/member/login"
"2019-05-20 15:37:16,915-http_request.py-DEBUG-日志信息：请求url:http://test.lemonban.com/futureloan/mvc/api/member/login"
"2019-05-20 15:37:16,915-http_request.py-DEBUG-日志信息：请求data:{'mobilephone': '15810447878', 'pwd': '098786'}"
"2019-05-20 15:37:16,915-http_request.py-DEBUG-日志信息：请求data:{'mobilephone': '15810447878', 'pwd': '098786'}"
"2019-05-20 15:37:16,952-http_request.py-DEBUG-日志信息：请求response:{"status":0,"code":"20111","data":null,"msg":"用户名或密码错误"}"
"2019-05-20 15:37:16,952-http_request.py-DEBUG-日志信息：请求response:{"status":0,"code":"20111","data":null,"msg":"用户名或密码错误"}"
"2019-05-20 15:37:16,999-test_login.py-INFO-日志信息：结束测试：输入错误的密码"
"2019-05-20 15:37:16,999-test_login.py-INFO-日志信息：结束测试：输入错误的密码"
"2019-05-20 15:37:16,999-test_login.py-INFO-日志信息：开始测试：不输入密码"
"2019-05-20 15:37:16,999-test_login.py-INFO-日志信息：开始测试：不输入密码"
"2019-05-20 15:37:17,000-http_request.py-DEBUG-日志信息：请求url:http://test.lemonban.com/futureloan/mvc/api/member/login"
"2019-05-20 15:37:17,000-http_request.py-DEBUG-日志信息：请求url:http://test.lemonban.com/futureloan/mvc/api/member/login"
"2019-05-20 15:37:17,000-http_request.py-DEBUG-日志信息：请求data:{'mobilephone': '15810447878', 'pwd': ''}"
"2019-05-20 15:37:17,000-http_request.py-DEBUG-日志信息：请求data:{'mobilephone': '15810447878', 'pwd': ''}"
"2019-05-20 15:37:17,036-http_request.py-DEBUG-日志信息：请求response:{"status":0,"code":"20103","data":null,"msg":"密码不能为空"}"
"2019-05-20 15:37:17,036-http_request.py-DEBUG-日志信息：请求response:{"status":0,"code":"20103","data":null,"msg":"密码不能为空"}"
"2019-05-20 15:37:17,083-test_login.py-INFO-日志信息：结束测试：不输入密码"
"2019-05-20 15:37:17,083-test_login.py-INFO-日志信息：结束测试：不输入密码"
"2019-05-20 15:37:17,084-test_login.py-INFO-日志信息：开始测试：不输入手机号码"
"2019-05-20 15:37:17,084-test_login.py-INFO-日志信息：开始测试：不输入手机号码"
"2019-05-20 15:37:17,084-http_request.py-DEBUG-日志信息：请求url:http://test.lemonban.com/futureloan/mvc/api/member/login"
"2019-05-20 15:37:17,084-http_request.py-DEBUG-日志信息：请求url:http://test.lemonban.com/futureloan/mvc/api/member/login"
"2019-05-20 15:37:17,085-http_request.py-DEBUG-日志信息：请求data:{'mobilephone': '', 'pwd': '123456'}"
"2019-05-20 15:37:17,085-http_request.py-DEBUG-日志信息：请求data:{'mobilephone': '', 'pwd': '123456'}"
"2019-05-20 15:37:17,120-http_request.py-DEBUG-日志信息：请求response:{"status":0,"code":"20103","data":null,"msg":"手机号不能为空"}"
"2019-05-20 15:37:17,120-http_request.py-DEBUG-日志信息：请求response:{"status":0,"code":"20103","data":null,"msg":"手机号不能为空"}"
"2019-05-20 15:37:17,171-test_login.py-INFO-日志信息：结束测试：不输入手机号码"
"2019-05-20 15:37:17,171-test_login.py-INFO-日志信息：结束测试：不输入手机号码"
"2019-05-20 15:37:17,172-test_login.py-INFO-日志信息：测试后置处理"
"2019-05-20 15:37:17,172-test_login.py-INFO-日志信息：测试后置处理"
"2019-05-21 09:45:56,180-test_login.py-INFO-日志信息：准备测试前置"
"2019-05-21 09:45:56,180-test_login.py-INFO-日志信息：准备测试前置"
"2019-05-21 09:45:56,183-test_login.py-INFO-日志信息：开始测试：正常登录"
"2019-05-21 09:45:56,183-test_login.py-INFO-日志信息：开始测试：正常登录"
"2019-05-21 09:45:56,183-http_request.py-DEBUG-日志信息：请求url:http://test.lemonban.com/futureloan/mvc/api/member/login"
"2019-05-21 09:45:56,183-http_request.py-DEBUG-日志信息：请求url:http://test.lemonban.com/futureloan/mvc/api/member/login"
"2019-05-21 09:45:56,184-http_request.py-DEBUG-日志信息：请求data:{'mobilephone': '15810447878', 'pwd': '123456'}"
"2019-05-21 09:45:56,184-http_request.py-DEBUG-日志信息：请求data:{'mobilephone': '15810447878', 'pwd': '123456'}"
"2019-05-21 09:45:56,404-http_request.py-DEBUG-日志信息：请求response:{"status":1,"code":"10001","data":null,"msg":"登录成功"}"
"2019-05-21 09:45:56,404-http_request.py-DEBUG-日志信息：请求response:{"status":1,"code":"10001","data":null,"msg":"登录成功"}"
"2019-05-21 09:45:56,458-test_login.py-INFO-日志信息：结束测试：正常登录"
"2019-05-21 09:45:56,458-test_login.py-INFO-日志信息：结束测试：正常登录"
"2019-05-21 09:45:56,459-test_login.py-INFO-日志信息：开始测试：输入错误的密码"
"2019-05-21 09:45:56,459-test_login.py-INFO-日志信息：开始测试：输入错误的密码"
"2019-05-21 09:45:56,459-http_request.py-DEBUG-日志信息：请求url:http://test.lemonban.com/futureloan/mvc/api/member/login"
"2019-05-21 09:45:56,459-http_request.py-DEBUG-日志信息：请求url:http://test.lemonban.com/futureloan/mvc/api/member/login"
"2019-05-21 09:45:56,459-http_request.py-DEBUG-日志信息：请求data:{'mobilephone': '15810447878', 'pwd': '098786'}"
"2019-05-21 09:45:56,459-http_request.py-DEBUG-日志信息：请求data:{'mobilephone': '15810447878', 'pwd': '098786'}"
"2019-05-21 09:45:56,497-http_request.py-DEBUG-日志信息：请求response:{"status":0,"code":"20111","data":null,"msg":"用户名或密码错误"}"
"2019-05-21 09:45:56,497-http_request.py-DEBUG-日志信息：请求response:{"status":0,"code":"20111","data":null,"msg":"用户名或密码错误"}"
"2019-05-21 09:45:56,562-test_login.py-INFO-日志信息：结束测试：输入错误的密码"
"2019-05-21 09:45:56,562-test_login.py-INFO-日志信息：结束测试：输入错误的密码"
"2019-05-21 09:45:56,562-test_login.py-INFO-日志信息：开始测试：不输入密码"
"2019-05-21 09:45:56,562-test_login.py-INFO-日志信息：开始测试：不输入密码"
"2019-05-21 09:45:56,563-http_request.py-DEBUG-日志信息：请求url:http://test.lemonban.com/futureloan/mvc/api/member/login"
"2019-05-21 09:45:56,563-http_request.py-DEBUG-日志信息：请求url:http://test.lemonban.com/futureloan/mvc/api/member/login"
"2019-05-21 09:45:56,563-http_request.py-DEBUG-日志信息：请求data:{'mobilephone': '15810447878', 'pwd': ''}"
"2019-05-21 09:45:56,563-http_request.py-DEBUG-日志信息：请求data:{'mobilephone': '15810447878', 'pwd': ''}"
"2019-05-21 09:45:56,598-http_request.py-DEBUG-日志信息：请求response:{"status":0,"code":"20103","data":null,"msg":"密码不能为空"}"
"2019-05-21 09:45:56,598-http_request.py-DEBUG-日志信息：请求response:{"status":0,"code":"20103","data":null,"msg":"密码不能为空"}"
"2019-05-21 09:45:56,652-test_login.py-INFO-日志信息：结束测试：不输入密码"
"2019-05-21 09:45:56,652-test_login.py-INFO-日志信息：结束测试：不输入密码"
"2019-05-21 09:45:56,653-test_login.py-INFO-日志信息：开始测试：不输入手机号码"
"2019-05-21 09:45:56,653-test_login.py-INFO-日志信息：开始测试：不输入手机号码"
"2019-05-21 09:45:56,653-http_request.py-DEBUG-日志信息：请求url:http://test.lemonban.com/futureloan/mvc/api/member/login"
"2019-05-21 09:45:56,653-http_request.py-DEBUG-日志信息：请求url:http://test.lemonban.com/futureloan/mvc/api/member/login"
"2019-05-21 09:45:56,653-http_request.py-DEBUG-日志信息：请求data:{'mobilephone': '', 'pwd': '123456'}"
"2019-05-21 09:45:56,653-http_request.py-DEBUG-日志信息：请求data:{'mobilephone': '', 'pwd': '123456'}"
"2019-05-21 09:45:56,692-http_request.py-DEBUG-日志信息：请求response:{"status":0,"code":"20103","data":null,"msg":"手机号不能为空"}"
"2019-05-21 09:45:56,692-http_request.py-DEBUG-日志信息：请求response:{"status":0,"code":"20103","data":null,"msg":"手机号不能为空"}"
"2019-05-21 09:45:56,752-test_login.py-INFO-日志信息：结束测试：不输入手机号码"
"2019-05-21 09:45:56,752-test_login.py-INFO-日志信息：结束测试：不输入手机号码"
"2019-05-21 09:45:56,753-test_login.py-INFO-日志信息：测试后置处理"
"2019-05-21 09:45:56,753-test_login.py-INFO-日志信息：测试后置处理"
"2019-05-21 09:51:50,101-test_login.py-INFO-日志信息：准备测试前置"
"2019-05-21 09:51:50,101-test_login.py-INFO-日志信息：准备测试前置"
"2019-05-21 09:51:50,104-test_login.py-INFO-日志信息：开始测试：正常登录"
"2019-05-21 09:51:50,104-test_login.py-INFO-日志信息：开始测试：正常登录"
"2019-05-21 09:51:50,104-http_request.py-DEBUG-日志信息：请求url:http://test.lemonban.com/futureloan/mvc/api/member/login"
"2019-05-21 09:51:50,104-http_request.py-DEBUG-日志信息：请求url:http://test.lemonban.com/futureloan/mvc/api/member/login"
"2019-05-21 09:51:50,105-http_request.py-DEBUG-日志信息：请求data:{'mobilephone': '15810447878', 'pwd': '123456'}"
"2019-05-21 09:51:50,105-http_request.py-DEBUG-日志信息：请求data:{'mobilephone': '15810447878', 'pwd': '123456'}"
"2019-05-21 09:51:50,173-http_request.py-DEBUG-日志信息：请求response:{"status":1,"code":"10001","data":null,"msg":"登录成功"}"
"2019-05-21 09:51:50,173-http_request.py-DEBUG-日志信息：请求response:{"status":1,"code":"10001","data":null,"msg":"登录成功"}"
"2019-05-21 09:51:50,226-test_login.py-INFO-日志信息：结束测试：正常登录"
"2019-05-21 09:51:50,226-test_login.py-INFO-日志信息：结束测试：正常登录"
"2019-05-21 09:51:50,227-test_login.py-INFO-日志信息：开始测试：输入错误的密码"
"2019-05-21 09:51:50,227-test_login.py-INFO-日志信息：开始测试：输入错误的密码"
"2019-05-21 09:51:50,227-http_request.py-DEBUG-日志信息：请求url:http://test.lemonban.com/futureloan/mvc/api/member/login"
"2019-05-21 09:51:50,227-http_request.py-DEBUG-日志信息：请求url:http://test.lemonban.com/futureloan/mvc/api/member/login"
"2019-05-21 09:51:50,228-http_request.py-DEBUG-日志信息：请求data:{'mobilephone': '15810447878', 'pwd': '098786'}"
"2019-05-21 09:51:50,228-http_request.py-DEBUG-日志信息：请求data:{'mobilephone': '15810447878', 'pwd': '098786'}"
"2019-05-21 09:51:50,262-http_request.py-DEBUG-日志信息：请求response:{"status":0,"code":"20111","data":null,"msg":"用户名或密码错误"}"
"2019-05-21 09:51:50,262-http_request.py-DEBUG-日志信息：请求response:{"status":0,"code":"20111","data":null,"msg":"用户名或密码错误"}"
"2019-05-21 09:51:50,311-test_login.py-INFO-日志信息：结束测试：输入错误的密码"
"2019-05-21 09:51:50,311-test_login.py-INFO-日志信息：结束测试：输入错误的密码"
"2019-05-21 09:51:50,311-test_login.py-INFO-日志信息：开始测试：不输入密码"
"2019-05-21 09:51:50,311-test_login.py-INFO-日志信息：开始测试：不输入密码"
"2019-05-21 09:51:50,312-http_request.py-DEBUG-日志信息：请求url:http://test.lemonban.com/futureloan/mvc/api/member/login"
"2019-05-21 09:51:50,312-http_request.py-DEBUG-日志信息：请求url:http://test.lemonban.com/futureloan/mvc/api/member/login"
"2019-05-21 09:51:50,312-http_request.py-DEBUG-日志信息：请求data:{'mobilephone': '15810447878', 'pwd': ''}"
"2019-05-21 09:51:50,312-http_request.py-DEBUG-日志信息：请求data:{'mobilephone': '15810447878', 'pwd': ''}"
"2019-05-21 09:51:50,344-http_request.py-DEBUG-日志信息：请求response:{"status":0,"code":"20103","data":null,"msg":"密码不能为空"}"
"2019-05-21 09:51:50,344-http_request.py-DEBUG-日志信息：请求response:{"status":0,"code":"20103","data":null,"msg":"密码不能为空"}"
"2019-05-21 09:51:50,397-test_login.py-INFO-日志信息：结束测试：不输入密码"
"2019-05-21 09:51:50,397-test_login.py-INFO-日志信息：结束测试：不输入密码"
"2019-05-21 09:51:50,398-test_login.py-INFO-日志信息：开始测试：不输入手机号码"
"2019-05-21 09:51:50,398-test_login.py-INFO-日志信息：开始测试：不输入手机号码"
"2019-05-21 09:51:50,398-http_request.py-DEBUG-日志信息：请求url:http://test.lemonban.com/futureloan/mvc/api/member/login"
"2019-05-21 09:51:50,398-http_request.py-DEBUG-日志信息：请求url:http://test.lemonban.com/futureloan/mvc/api/member/login"
"2019-05-21 09:51:50,399-http_request.py-DEBUG-日志信息：请求data:{'mobilephone': '', 'pwd': '123456'}"
"2019-05-21 09:51:50,399-http_request.py-DEBUG-日志信息：请求data:{'mobilephone': '', 'pwd': '123456'}"
"2019-05-21 09:51:50,430-http_request.py-DEBUG-日志信息：请求response:{"status":0,"code":"20103","data":null,"msg":"手机号不能为空"}"
"2019-05-21 09:51:50,430-http_request.py-DEBUG-日志信息：请求response:{"status":0,"code":"20103","data":null,"msg":"手机号不能为空"}"
"2019-05-21 09:51:50,475-test_login.py-INFO-日志信息：结束测试：不输入手机号码"
"2019-05-21 09:51:50,475-test_login.py-INFO-日志信息：结束测试：不输入手机号码"
"2019-05-21 09:51:50,475-test_login.py-INFO-日志信息：测试后置处理"
"2019-05-21 09:51:50,475-test_login.py-INFO-日志信息：测试后置处理"
"2019-05-21 09:52:08,546-test_login.py-INFO-日志信息：准备测试前置"
"2019-05-21 09:52:08,546-test_login.py-INFO-日志信息：准备测试前置"
"2019-05-21 09:52:08,548-test_login.py-INFO-日志信息：开始测试：正常登录"
"2019-05-21 09:52:08,548-test_login.py-INFO-日志信息：开始测试：正常登录"
"2019-05-21 09:52:08,549-http_request.py-DEBUG-日志信息：请求url:http://test.lemonban.com/futureloan/mvc/api/member/login"
"2019-05-21 09:52:08,549-http_request.py-DEBUG-日志信息：请求url:http://test.lemonban.com/futureloan/mvc/api/member/login"
"2019-05-21 09:52:08,549-http_request.py-DEBUG-日志信息：请求data:{'mobilephone': '15810447878', 'pwd': '123456'}"
"2019-05-21 09:52:08,549-http_request.py-DEBUG-日志信息：请求data:{'mobilephone': '15810447878', 'pwd': '123456'}"
"2019-05-21 09:52:08,619-http_request.py-DEBUG-日志信息：请求response:{"status":1,"code":"10001","data":null,"msg":"登录成功"}"
"2019-05-21 09:52:08,619-http_request.py-DEBUG-日志信息：请求response:{"status":1,"code":"10001","data":null,"msg":"登录成功"}"
"2019-05-21 09:52:08,669-test_login.py-INFO-日志信息：结束测试：正常登录"
"2019-05-21 09:52:08,669-test_login.py-INFO-日志信息：结束测试：正常登录"
"2019-05-21 09:52:08,670-test_login.py-INFO-日志信息：开始测试：输入错误的密码"
"2019-05-21 09:52:08,670-test_login.py-INFO-日志信息：开始测试：输入错误的密码"
"2019-05-21 09:52:08,670-http_request.py-DEBUG-日志信息：请求url:http://test.lemonban.com/futureloan/mvc/api/member/login"
"2019-05-21 09:52:08,670-http_request.py-DEBUG-日志信息：请求url:http://test.lemonban.com/futureloan/mvc/api/member/login"
"2019-05-21 09:52:08,670-http_request.py-DEBUG-日志信息：请求data:{'mobilephone': '15810447878', 'pwd': '098786'}"
"2019-05-21 09:52:08,670-http_request.py-DEBUG-日志信息：请求data:{'mobilephone': '15810447878', 'pwd': '098786'}"
"2019-05-21 09:52:08,706-http_request.py-DEBUG-日志信息：请求response:{"status":0,"code":"20111","data":null,"msg":"用户名或密码错误"}"
"2019-05-21 09:52:08,706-http_request.py-DEBUG-日志信息：请求response:{"status":0,"code":"20111","data":null,"msg":"用户名或密码错误"}"
"2019-05-21 09:52:08,755-test_login.py-INFO-日志信息：结束测试：输入错误的密码"
"2019-05-21 09:52:08,755-test_login.py-INFO-日志信息：结束测试：输入错误的密码"
"2019-05-21 09:52:08,756-test_login.py-INFO-日志信息：开始测试：不输入密码"
"2019-05-21 09:52:08,756-test_login.py-INFO-日志信息：开始测试：不输入密码"
"2019-05-21 09:52:08,756-http_request.py-DEBUG-日志信息：请求url:http://test.lemonban.com/futureloan/mvc/api/member/login"
"2019-05-21 09:52:08,756-http_request.py-DEBUG-日志信息：请求url:http://test.lemonban.com/futureloan/mvc/api/member/login"
"2019-05-21 09:52:08,756-http_request.py-DEBUG-日志信息：请求data:{'mobilephone': '15810447878', 'pwd': ''}"
"2019-05-21 09:52:08,756-http_request.py-DEBUG-日志信息：请求data:{'mobilephone': '15810447878', 'pwd': ''}"
"2019-05-21 09:52:08,788-http_request.py-DEBUG-日志信息：请求response:{"status":0,"code":"20103","data":null,"msg":"密码不能为空"}"
"2019-05-21 09:52:08,788-http_request.py-DEBUG-日志信息：请求response:{"status":0,"code":"20103","data":null,"msg":"密码不能为空"}"
"2019-05-21 09:52:08,840-test_login.py-INFO-日志信息：结束测试：不输入密码"
"2019-05-21 09:52:08,840-test_login.py-INFO-日志信息：结束测试：不输入密码"
"2019-05-21 09:52:08,841-test_login.py-INFO-日志信息：开始测试：不输入手机号码"
"2019-05-21 09:52:08,841-test_login.py-INFO-日志信息：开始测试：不输入手机号码"
"2019-05-21 09:52:08,841-http_request.py-DEBUG-日志信息：请求url:http://test.lemonban.com/futureloan/mvc/api/member/login"
"2019-05-21 09:52:08,841-http_request.py-DEBUG-日志信息：请求url:http://test.lemonban.com/futureloan/mvc/api/member/login"
"2019-05-21 09:52:08,842-http_request.py-DEBUG-日志信息：请求data:{'mobilephone': '', 'pwd': '123456'}"
"2019-05-21 09:52:08,842-http_request.py-DEBUG-日志信息：请求data:{'mobilephone': '', 'pwd': '123456'}"
"2019-05-21 09:52:08,874-http_request.py-DEBUG-日志信息：请求response:{"status":0,"code":"20103","data":null,"msg":"手机号不能为空"}"
"2019-05-21 09:52:08,874-http_request.py-DEBUG-日志信息：请求response:{"status":0,"code":"20103","data":null,"msg":"手机号不能为空"}"
"2019-05-21 09:52:08,922-test_login.py-INFO-日志信息：结束测试：不输入手机号码"
"2019-05-21 09:52:08,922-test_login.py-INFO-日志信息：结束测试：不输入手机号码"
"2019-05-21 09:52:08,923-test_login.py-INFO-日志信息：测试后置处理"
"2019-05-21 09:52:08,923-test_login.py-INFO-日志信息：测试后置处理"
"2019-05-21 09:52:22,563-test_login.py-INFO-日志信息：准备测试前置"
"2019-05-21 09:52:22,563-test_login.py-INFO-日志信息：准备测试前置"
"2019-05-21 09:52:22,567-test_login.py-INFO-日志信息：开始测试：正常登录"
"2019-05-21 09:52:22,567-test_login.py-INFO-日志信息：开始测试：正常登录"
"2019-05-21 09:52:22,567-http_request.py-DEBUG-日志信息：请求url:http://test.lemonban.com/futureloan/mvc/api/member/login"
"2019-05-21 09:52:22,567-http_request.py-DEBUG-日志信息：请求url:http://test.lemonban.com/futureloan/mvc/api/member/login"
"2019-05-21 09:52:22,568-http_request.py-DEBUG-日志信息：请求data:{'mobilephone': '15810447878', 'pwd': '123456'}"
"2019-05-21 09:52:22,568-http_request.py-DEBUG-日志信息：请求data:{'mobilephone': '15810447878', 'pwd': '123456'}"
"2019-05-21 09:52:22,644-http_request.py-DEBUG-日志信息：请求response:{"status":1,"code":"10001","data":null,"msg":"登录成功"}"
"2019-05-21 09:52:22,644-http_request.py-DEBUG-日志信息：请求response:{"status":1,"code":"10001","data":null,"msg":"登录成功"}"
"2019-05-21 09:52:22,698-test_login.py-INFO-日志信息：结束测试：正常登录"
"2019-05-21 09:52:22,698-test_login.py-INFO-日志信息：结束测试：正常登录"
"2019-05-21 09:52:22,699-test_login.py-INFO-日志信息：开始测试：输入错误的密码"
"2019-05-21 09:52:22,699-test_login.py-INFO-日志信息：开始测试：输入错误的密码"
"2019-05-21 09:52:22,699-http_request.py-DEBUG-日志信息：请求url:http://test.lemonban.com/futureloan/mvc/api/member/login"
"2019-05-21 09:52:22,699-http_request.py-DEBUG-日志信息：请求url:http://test.lemonban.com/futureloan/mvc/api/member/login"
"2019-05-21 09:52:22,700-http_request.py-DEBUG-日志信息：请求data:{'mobilephone': '15810447878', 'pwd': '098786'}"
"2019-05-21 09:52:22,700-http_request.py-DEBUG-日志信息：请求data:{'mobilephone': '15810447878', 'pwd': '098786'}"
"2019-05-21 09:52:22,737-http_request.py-DEBUG-日志信息：请求response:{"status":0,"code":"20111","data":null,"msg":"用户名或密码错误"}"
"2019-05-21 09:52:22,737-http_request.py-DEBUG-日志信息：请求response:{"status":0,"code":"20111","data":null,"msg":"用户名或密码错误"}"
"2019-05-21 09:52:22,787-test_login.py-INFO-日志信息：结束测试：输入错误的密码"
"2019-05-21 09:52:22,787-test_login.py-INFO-日志信息：结束测试：输入错误的密码"
"2019-05-21 09:52:22,788-test_login.py-INFO-日志信息：开始测试：不输入密码"
"2019-05-21 09:52:22,788-test_login.py-INFO-日志信息：开始测试：不输入密码"
"2019-05-21 09:52:22,789-http_request.py-DEBUG-日志信息：请求url:http://test.lemonban.com/futureloan/mvc/api/member/login"
"2019-05-21 09:52:22,789-http_request.py-DEBUG-日志信息：请求url:http://test.lemonban.com/futureloan/mvc/api/member/login"
"2019-05-21 09:52:22,789-http_request.py-DEBUG-日志信息：请求data:{'mobilephone': '15810447878', 'pwd': ''}"
"2019-05-21 09:52:22,789-http_request.py-DEBUG-日志信息：请求data:{'mobilephone': '15810447878', 'pwd': ''}"
"2019-05-21 09:52:22,823-http_request.py-DEBUG-日志信息：请求response:{"status":0,"code":"20103","data":null,"msg":"密码不能为空"}"
"2019-05-21 09:52:22,823-http_request.py-DEBUG-日志信息：请求response:{"status":0,"code":"20103","data":null,"msg":"密码不能为空"}"
"2019-05-21 09:52:22,871-test_login.py-INFO-日志信息：结束测试：不输入密码"
"2019-05-21 09:52:22,871-test_login.py-INFO-日志信息：结束测试：不输入密码"
"2019-05-21 09:52:22,872-test_login.py-INFO-日志信息：开始测试：不输入手机号码"
"2019-05-21 09:52:22,872-test_login.py-INFO-日志信息：开始测试：不输入手机号码"
"2019-05-21 09:52:22,873-http_request.py-DEBUG-日志信息：请求url:http://test.lemonban.com/futureloan/mvc/api/member/login"
"2019-05-21 09:52:22,873-http_request.py-DEBUG-日志信息：请求url:http://test.lemonban.com/futureloan/mvc/api/member/login"
"2019-05-21 09:52:22,873-http_request.py-DEBUG-日志信息：请求data:{'mobilephone': '', 'pwd': '123456'}"
"2019-05-21 09:52:22,873-http_request.py-DEBUG-日志信息：请求data:{'mobilephone': '', 'pwd': '123456'}"
"2019-05-21 09:52:22,908-http_request.py-DEBUG-日志信息：请求response:{"status":0,"code":"20103","data":null,"msg":"手机号不能为空"}"
"2019-05-21 09:52:22,908-http_request.py-DEBUG-日志信息：请求response:{"status":0,"code":"20103","data":null,"msg":"手机号不能为空"}"
"2019-05-21 09:52:22,958-test_login.py-INFO-日志信息：结束测试：不输入手机号码"
"2019-05-21 09:52:22,958-test_login.py-INFO-日志信息：结束测试：不输入手机号码"
"2019-05-21 09:52:22,959-test_login.py-INFO-日志信息：测试后置处理"
"2019-05-21 09:52:22,959-test_login.py-INFO-日志信息：测试后置处理"
"2019-05-21 09:52:39,164-test_login.py-INFO-日志信息：准备测试前置"
"2019-05-21 09:52:39,164-test_login.py-INFO-日志信息：准备测试前置"
"2019-05-21 09:52:39,167-test_login.py-INFO-日志信息：开始测试：正常登录"
"2019-05-21 09:52:39,167-test_login.py-INFO-日志信息：开始测试：正常登录"
"2019-05-21 09:52:39,167-http_request.py-DEBUG-日志信息：请求url:http://test.lemonban.com/futureloan/mvc/api/member/login"
"2019-05-21 09:52:39,167-http_request.py-DEBUG-日志信息：请求url:http://test.lemonban.com/futureloan/mvc/api/member/login"
"2019-05-21 09:52:39,167-http_request.py-DEBUG-日志信息：请求data:{'mobilephone': '15810447878', 'pwd': '123456'}"
"2019-05-21 09:52:39,167-http_request.py-DEBUG-日志信息：请求data:{'mobilephone': '15810447878', 'pwd': '123456'}"
"2019-05-21 09:52:39,242-http_request.py-DEBUG-日志信息：请求response:{"status":1,"code":"10001","data":null,"msg":"登录成功"}"
"2019-05-21 09:52:39,242-http_request.py-DEBUG-日志信息：请求response:{"status":1,"code":"10001","data":null,"msg":"登录成功"}"
"2019-05-21 09:52:39,290-test_login.py-INFO-日志信息：结束测试：正常登录"
"2019-05-21 09:52:39,290-test_login.py-INFO-日志信息：结束测试：正常登录"
"2019-05-21 09:52:39,290-test_login.py-INFO-日志信息：开始测试：输入错误的密码"
"2019-05-21 09:52:39,290-test_login.py-INFO-日志信息：开始测试：输入错误的密码"
"2019-05-21 09:52:39,291-http_request.py-DEBUG-日志信息：请求url:http://test.lemonban.com/futureloan/mvc/api/member/login"
"2019-05-21 09:52:39,291-http_request.py-DEBUG-日志信息：请求url:http://test.lemonban.com/futureloan/mvc/api/member/login"
"2019-05-21 09:52:39,291-http_request.py-DEBUG-日志信息：请求data:{'mobilephone': '15810447878', 'pwd': '098786'}"
"2019-05-21 09:52:39,291-http_request.py-DEBUG-日志信息：请求data:{'mobilephone': '15810447878', 'pwd': '098786'}"
"2019-05-21 09:52:39,327-http_request.py-DEBUG-日志信息：请求response:{"status":0,"code":"20111","data":null,"msg":"用户名或密码错误"}"
"2019-05-21 09:52:39,327-http_request.py-DEBUG-日志信息：请求response:{"status":0,"code":"20111","data":null,"msg":"用户名或密码错误"}"
"2019-05-21 09:52:39,376-test_login.py-INFO-日志信息：结束测试：输入错误的密码"
"2019-05-21 09:52:39,376-test_login.py-INFO-日志信息：结束测试：输入错误的密码"
"2019-05-21 09:52:39,376-test_login.py-INFO-日志信息：开始测试：不输入密码"
"2019-05-21 09:52:39,376-test_login.py-INFO-日志信息：开始测试：不输入密码"
"2019-05-21 09:52:39,377-http_request.py-DEBUG-日志信息：请求url:http://test.lemonban.com/futureloan/mvc/api/member/login"
"2019-05-21 09:52:39,377-http_request.py-DEBUG-日志信息：请求url:http://test.lemonban.com/futureloan/mvc/api/member/login"
"2019-05-21 09:52:39,377-http_request.py-DEBUG-日志信息：请求data:{'mobilephone': '15810447878', 'pwd': ''}"
"2019-05-21 09:52:39,377-http_request.py-DEBUG-日志信息：请求data:{'mobilephone': '15810447878', 'pwd': ''}"
"2019-05-21 09:52:39,411-http_request.py-DEBUG-日志信息：请求response:{"status":0,"code":"20103","data":null,"msg":"密码不能为空"}"
"2019-05-21 09:52:39,411-http_request.py-DEBUG-日志信息：请求response:{"status":0,"code":"20103","data":null,"msg":"密码不能为空"}"
"2019-05-21 09:52:39,458-test_login.py-INFO-日志信息：结束测试：不输入密码"
"2019-05-21 09:52:39,458-test_login.py-INFO-日志信息：结束测试：不输入密码"
"2019-05-21 09:52:39,458-test_login.py-INFO-日志信息：开始测试：不输入手机号码"
"2019-05-21 09:52:39,458-test_login.py-INFO-日志信息：开始测试：不输入手机号码"
"2019-05-21 09:52:39,459-http_request.py-DEBUG-日志信息：请求url:http://test.lemonban.com/futureloan/mvc/api/member/login"
"2019-05-21 09:52:39,459-http_request.py-DEBUG-日志信息：请求url:http://test.lemonban.com/futureloan/mvc/api/member/login"
"2019-05-21 09:52:39,459-http_request.py-DEBUG-日志信息：请求data:{'mobilephone': '', 'pwd': '123456'}"
"2019-05-21 09:52:39,459-http_request.py-DEBUG-日志信息：请求data:{'mobilephone': '', 'pwd': '123456'}"
"2019-05-21 09:52:39,493-http_request.py-DEBUG-日志信息：请求response:{"status":0,"code":"20103","data":null,"msg":"手机号不能为空"}"
"2019-05-21 09:52:39,493-http_request.py-DEBUG-日志信息：请求response:{"status":0,"code":"20103","data":null,"msg":"手机号不能为空"}"
"2019-05-21 09:52:39,543-test_login.py-INFO-日志信息：结束测试：不输入手机号码"
"2019-05-21 09:52:39,543-test_login.py-INFO-日志信息：结束测试：不输入手机号码"
"2019-05-21 09:52:39,544-test_login.py-INFO-日志信息：测试后置处理"
"2019-05-21 09:52:39,544-test_login.py-INFO-日志信息：测试后置处理"
"2019-05-22 09:26:54,780-test_login.py-INFO-日志信息：准备测试前置"
"2019-05-22 09:26:54,780-test_login.py-INFO-日志信息：准备测试前置"
"2019-05-22 09:26:54,783-test_login.py-INFO-日志信息：开始测试：正常登录"
"2019-05-22 09:26:54,783-test_login.py-INFO-日志信息：开始测试：正常登录"
"2019-05-22 09:26:54,784-http_request.py-DEBUG-日志信息：请求url:http://test.lemonban.com/futureloan/mvc/api/member/login"
"2019-05-22 09:26:54,784-http_request.py-DEBUG-日志信息：请求url:http://test.lemonban.com/futureloan/mvc/api/member/login"
"2019-05-22 09:26:54,785-http_request.py-DEBUG-日志信息：请求data:{'mobilephone': '15810447878', 'pwd': '123456'}"
"2019-05-22 09:26:54,785-http_request.py-DEBUG-日志信息：请求data:{'mobilephone': '15810447878', 'pwd': '123456'}"
"2019-05-22 09:26:55,013-http_request.py-DEBUG-日志信息：请求response:{"status":1,"code":"10001","data":null,"msg":"登录成功"}"
"2019-05-22 09:26:55,013-http_request.py-DEBUG-日志信息：请求response:{"status":1,"code":"10001","data":null,"msg":"登录成功"}"
"2019-05-22 09:26:55,070-test_login.py-INFO-日志信息：结束测试：正常登录"
"2019-05-22 09:26:55,070-test_login.py-INFO-日志信息：结束测试：正常登录"
"2019-05-22 09:26:55,071-test_login.py-INFO-日志信息：开始测试：输入错误的密码"
"2019-05-22 09:26:55,071-test_login.py-INFO-日志信息：开始测试：输入错误的密码"
"2019-05-22 09:26:55,072-http_request.py-DEBUG-日志信息：请求url:http://test.lemonban.com/futureloan/mvc/api/member/login"
"2019-05-22 09:26:55,072-http_request.py-DEBUG-日志信息：请求url:http://test.lemonban.com/futureloan/mvc/api/member/login"
"2019-05-22 09:26:55,072-http_request.py-DEBUG-日志信息：请求data:{'mobilephone': '15810447878', 'pwd': '098786'}"
"2019-05-22 09:26:55,072-http_request.py-DEBUG-日志信息：请求data:{'mobilephone': '15810447878', 'pwd': '098786'}"
"2019-05-22 09:26:55,107-http_request.py-DEBUG-日志信息：请求response:{"status":0,"code":"20111","data":null,"msg":"用户名或密码错误"}"
"2019-05-22 09:26:55,107-http_request.py-DEBUG-日志信息：请求response:{"status":0,"code":"20111","data":null,"msg":"用户名或密码错误"}"
"2019-05-22 09:26:55,163-test_login.py-INFO-日志信息：结束测试：输入错误的密码"
"2019-05-22 09:26:55,163-test_login.py-INFO-日志信息：结束测试：输入错误的密码"
"2019-05-22 09:26:55,166-test_login.py-INFO-日志信息：开始测试：不输入密码"
"2019-05-22 09:26:55,166-test_login.py-INFO-日志信息：开始测试：不输入密码"
"2019-05-22 09:26:55,166-http_request.py-DEBUG-日志信息：请求url:http://test.lemonban.com/futureloan/mvc/api/member/login"
"2019-05-22 09:26:55,166-http_request.py-DEBUG-日志信息：请求url:http://test.lemonban.com/futureloan/mvc/api/member/login"
"2019-05-22 09:26:55,166-http_request.py-DEBUG-日志信息：请求data:{'mobilephone': '15810447878', 'pwd': ''}"
"2019-05-22 09:26:55,166-http_request.py-DEBUG-日志信息：请求data:{'mobilephone': '15810447878', 'pwd': ''}"
"2019-05-22 09:26:55,201-http_request.py-DEBUG-日志信息：请求response:{"status":0,"code":"20103","data":null,"msg":"密码不能为空"}"
"2019-05-22 09:26:55,201-http_request.py-DEBUG-日志信息：请求response:{"status":0,"code":"20103","data":null,"msg":"密码不能为空"}"
"2019-05-22 09:26:55,242-test_login.py-INFO-日志信息：结束测试：不输入密码"
"2019-05-22 09:26:55,242-test_login.py-INFO-日志信息：结束测试：不输入密码"
"2019-05-22 09:26:55,242-test_login.py-INFO-日志信息：开始测试：不输入手机号码"
"2019-05-22 09:26:55,242-test_login.py-INFO-日志信息：开始测试：不输入手机号码"
"2019-05-22 09:26:55,243-http_request.py-DEBUG-日志信息：请求url:http://test.lemonban.com/futureloan/mvc/api/member/login"
"2019-05-22 09:26:55,243-http_request.py-DEBUG-日志信息：请求url:http://test.lemonban.com/futureloan/mvc/api/member/login"
"2019-05-22 09:26:55,243-http_request.py-DEBUG-日志信息：请求data:{'mobilephone': '', 'pwd': '123456'}"
"2019-05-22 09:26:55,243-http_request.py-DEBUG-日志信息：请求data:{'mobilephone': '', 'pwd': '123456'}"
"2019-05-22 09:26:55,274-http_request.py-DEBUG-日志信息：请求response:{"status":0,"code":"20103","data":null,"msg":"手机号不能为空"}"
"2019-05-22 09:26:55,274-http_request.py-DEBUG-日志信息：请求response:{"status":0,"code":"20103","data":null,"msg":"手机号不能为空"}"
"2019-05-22 09:26:55,319-test_login.py-INFO-日志信息：结束测试：不输入手机号码"
"2019-05-22 09:26:55,319-test_login.py-INFO-日志信息：结束测试：不输入手机号码"
"2019-05-22 09:26:55,320-test_login.py-INFO-日志信息：测试后置处理"
"2019-05-22 09:26:55,320-test_login.py-INFO-日志信息：测试后置处理"
"2019-05-22 09:41:09,139-test_login.py-INFO-日志信息：准备测试前置"
"2019-05-22 09:41:09,139-test_login.py-INFO-日志信息：准备测试前置"
"2019-05-22 09:41:09,143-test_login.py-INFO-日志信息：开始测试：正常登录"
"2019-05-22 09:41:09,143-test_login.py-INFO-日志信息：开始测试：正常登录"
"2019-05-22 09:41:09,143-http_request.py-DEBUG-日志信息：请求url:http://test.lemonban.com/futureloan/mvc/api/member/login"
"2019-05-22 09:41:09,143-http_request.py-DEBUG-日志信息：请求url:http://test.lemonban.com/futureloan/mvc/api/member/login"
"2019-05-22 09:41:09,143-http_request.py-DEBUG-日志信息：请求data:{'mobilephone': '15810447878', 'pwd': '123456'}"
"2019-05-22 09:41:09,143-http_request.py-DEBUG-日志信息：请求data:{'mobilephone': '15810447878', 'pwd': '123456'}"
"2019-05-22 09:41:09,236-http_request.py-DEBUG-日志信息：请求response:{"status":1,"code":"10001","data":null,"msg":"登录成功"}"
"2019-05-22 09:41:09,236-http_request.py-DEBUG-日志信息：请求response:{"status":1,"code":"10001","data":null,"msg":"登录成功"}"
"2019-05-22 09:41:09,277-test_login.py-INFO-日志信息：结束测试：正常登录"
"2019-05-22 09:41:09,277-test_login.py-INFO-日志信息：结束测试：正常登录"
"2019-05-22 09:41:09,278-test_login.py-INFO-日志信息：开始测试：输入错误的密码"
"2019-05-22 09:41:09,278-test_login.py-INFO-日志信息：开始测试：输入错误的密码"
"2019-05-22 09:41:09,278-http_request.py-DEBUG-日志信息：请求url:http://test.lemonban.com/futureloan/mvc/api/member/login"
"2019-05-22 09:41:09,278-http_request.py-DEBUG-日志信息：请求url:http://test.lemonban.com/futureloan/mvc/api/member/login"
"2019-05-22 09:41:09,279-http_request.py-DEBUG-日志信息：请求data:{'mobilephone': '15810447878', 'pwd': '098786'}"
"2019-05-22 09:41:09,279-http_request.py-DEBUG-日志信息：请求data:{'mobilephone': '15810447878', 'pwd': '098786'}"
"2019-05-22 09:41:09,314-http_request.py-DEBUG-日志信息：请求response:{"status":0,"code":"20111","data":null,"msg":"用户名或密码错误"}"
"2019-05-22 09:41:09,314-http_request.py-DEBUG-日志信息：请求response:{"status":0,"code":"20111","data":null,"msg":"用户名或密码错误"}"
"2019-05-22 09:41:09,378-test_login.py-INFO-日志信息：结束测试：输入错误的密码"
"2019-05-22 09:41:09,378-test_login.py-INFO-日志信息：结束测试：输入错误的密码"
"2019-05-22 09:41:09,378-test_login.py-INFO-日志信息：开始测试：不输入密码"
"2019-05-22 09:41:09,378-test_login.py-INFO-日志信息：开始测试：不输入密码"
"2019-05-22 09:41:09,379-http_request.py-DEBUG-日志信息：请求url:http://test.lemonban.com/futureloan/mvc/api/member/login"
"2019-05-22 09:41:09,379-http_request.py-DEBUG-日志信息：请求url:http://test.lemonban.com/futureloan/mvc/api/member/login"
"2019-05-22 09:41:09,379-http_request.py-DEBUG-日志信息：请求data:{'mobilephone': '15810447878', 'pwd': ''}"
"2019-05-22 09:41:09,379-http_request.py-DEBUG-日志信息：请求data:{'mobilephone': '15810447878', 'pwd': ''}"
"2019-05-22 09:41:09,411-http_request.py-DEBUG-日志信息：请求response:{"status":0,"code":"20103","data":null,"msg":"密码不能为空"}"
"2019-05-22 09:41:09,411-http_request.py-DEBUG-日志信息：请求response:{"status":0,"code":"20103","data":null,"msg":"密码不能为空"}"
"2019-05-22 09:41:09,455-test_login.py-INFO-日志信息：结束测试：不输入密码"
"2019-05-22 09:41:09,455-test_login.py-INFO-日志信息：结束测试：不输入密码"
"2019-05-22 09:41:09,456-test_login.py-INFO-日志信息：开始测试：不输入手机号码"
"2019-05-22 09:41:09,456-test_login.py-INFO-日志信息：开始测试：不输入手机号码"
"2019-05-22 09:41:09,456-http_request.py-DEBUG-日志信息：请求url:http://test.lemonban.com/futureloan/mvc/api/member/login"
"2019-05-22 09:41:09,456-http_request.py-DEBUG-日志信息：请求url:http://test.lemonban.com/futureloan/mvc/api/member/login"
"2019-05-22 09:41:09,457-http_request.py-DEBUG-日志信息：请求data:{'mobilephone': '', 'pwd': '123456'}"
"2019-05-22 09:41:09,457-http_request.py-DEBUG-日志信息：请求data:{'mobilephone': '', 'pwd': '123456'}"
"2019-05-22 09:41:09,490-http_request.py-DEBUG-日志信息：请求response:{"status":0,"code":"20103","data":null,"msg":"手机号不能为空"}"
"2019-05-22 09:41:09,490-http_request.py-DEBUG-日志信息：请求response:{"status":0,"code":"20103","data":null,"msg":"手机号不能为空"}"
"2019-05-22 09:41:09,562-test_login.py-INFO-日志信息：结束测试：不输入手机号码"
"2019-05-22 09:41:09,562-test_login.py-INFO-日志信息：结束测试：不输入手机号码"
"2019-05-22 09:41:09,562-test_login.py-INFO-日志信息：测试后置处理"
"2019-05-22 09:41:09,562-test_login.py-INFO-日志信息：测试后置处理"
"2019-05-22 09:41:40,315-test_login.py-INFO-日志信息：准备测试前置"
"2019-05-22 09:41:40,315-test_login.py-INFO-日志信息：准备测试前置"
"2019-05-22 09:41:40,318-test_login.py-INFO-日志信息：开始测试：正常登录"
"2019-05-22 09:41:40,318-test_login.py-INFO-日志信息：开始测试：正常登录"
"2019-05-22 09:41:40,318-http_request.py-DEBUG-日志信息：请求url:http://test.lemonban.com/futureloan/mvc/api/member/login"
"2019-05-22 09:41:40,318-http_request.py-DEBUG-日志信息：请求url:http://test.lemonban.com/futureloan/mvc/api/member/login"
"2019-05-22 09:41:40,318-http_request.py-DEBUG-日志信息：请求data:{'mobilephone': '15810447878', 'pwd': '123456'}"
"2019-05-22 09:41:40,318-http_request.py-DEBUG-日志信息：请求data:{'mobilephone': '15810447878', 'pwd': '123456'}"
"2019-05-22 09:41:40,401-http_request.py-DEBUG-日志信息：请求response:{"status":1,"code":"10001","data":null,"msg":"登录成功"}"
"2019-05-22 09:41:40,401-http_request.py-DEBUG-日志信息：请求response:{"status":1,"code":"10001","data":null,"msg":"登录成功"}"
"2019-05-22 09:41:40,447-test_login.py-INFO-日志信息：结束测试：正常登录"
"2019-05-22 09:41:40,447-test_login.py-INFO-日志信息：结束测试：正常登录"
"2019-05-22 09:41:40,448-test_login.py-INFO-日志信息：开始测试：输入错误的密码"
"2019-05-22 09:41:40,448-test_login.py-INFO-日志信息：开始测试：输入错误的密码"
"2019-05-22 09:41:40,449-http_request.py-DEBUG-日志信息：请求url:http://test.lemonban.com/futureloan/mvc/api/member/login"
"2019-05-22 09:41:40,449-http_request.py-DEBUG-日志信息：请求url:http://test.lemonban.com/futureloan/mvc/api/member/login"
"2019-05-22 09:41:40,449-http_request.py-DEBUG-日志信息：请求data:{'mobilephone': '15810447878', 'pwd': '098786'}"
"2019-05-22 09:41:40,449-http_request.py-DEBUG-日志信息：请求data:{'mobilephone': '15810447878', 'pwd': '098786'}"
"2019-05-22 09:41:40,484-http_request.py-DEBUG-日志信息：请求response:{"status":0,"code":"20111","data":null,"msg":"用户名或密码错误"}"
"2019-05-22 09:41:40,484-http_request.py-DEBUG-日志信息：请求response:{"status":0,"code":"20111","data":null,"msg":"用户名或密码错误"}"
"2019-05-22 09:41:40,530-test_login.py-INFO-日志信息：结束测试：输入错误的密码"
"2019-05-22 09:41:40,530-test_login.py-INFO-日志信息：结束测试：输入错误的密码"
"2019-05-22 09:41:40,530-test_login.py-INFO-日志信息：开始测试：不输入密码"
"2019-05-22 09:41:40,530-test_login.py-INFO-日志信息：开始测试：不输入密码"
"2019-05-22 09:41:40,531-http_request.py-DEBUG-日志信息：请求url:http://test.lemonban.com/futureloan/mvc/api/member/login"
"2019-05-22 09:41:40,531-http_request.py-DEBUG-日志信息：请求url:http://test.lemonban.com/futureloan/mvc/api/member/login"
"2019-05-22 09:41:40,531-http_request.py-DEBUG-日志信息：请求data:{'mobilephone': '15810447878', 'pwd': ''}"
"2019-05-22 09:41:40,531-http_request.py-DEBUG-日志信息：请求data:{'mobilephone': '15810447878', 'pwd': ''}"
"2019-05-22 09:41:40,562-http_request.py-DEBUG-日志信息：请求response:{"status":0,"code":"20103","data":null,"msg":"密码不能为空"}"
"2019-05-22 09:41:40,562-http_request.py-DEBUG-日志信息：请求response:{"status":0,"code":"20103","data":null,"msg":"密码不能为空"}"
"2019-05-22 09:41:40,604-test_login.py-INFO-日志信息：结束测试：不输入密码"
"2019-05-22 09:41:40,604-test_login.py-INFO-日志信息：结束测试：不输入密码"
"2019-05-22 09:41:40,605-test_login.py-INFO-日志信息：开始测试：不输入手机号码"
"2019-05-22 09:41:40,605-test_login.py-INFO-日志信息：开始测试：不输入手机号码"
"2019-05-22 09:41:40,605-http_request.py-DEBUG-日志信息：请求url:http://test.lemonban.com/futureloan/mvc/api/member/login"
"2019-05-22 09:41:40,605-http_request.py-DEBUG-日志信息：请求url:http://test.lemonban.com/futureloan/mvc/api/member/login"
"2019-05-22 09:41:40,605-http_request.py-DEBUG-日志信息：请求data:{'mobilephone': '', 'pwd': '123456'}"
"2019-05-22 09:41:40,605-http_request.py-DEBUG-日志信息：请求data:{'mobilephone': '', 'pwd': '123456'}"
"2019-05-22 09:41:40,636-http_request.py-DEBUG-日志信息：请求response:{"status":0,"code":"20103","data":null,"msg":"手机号不能为空"}"
"2019-05-22 09:41:40,636-http_request.py-DEBUG-日志信息：请求response:{"status":0,"code":"20103","data":null,"msg":"手机号不能为空"}"
"2019-05-22 09:41:40,685-test_login.py-INFO-日志信息：结束测试：不输入手机号码"
"2019-05-22 09:41:40,685-test_login.py-INFO-日志信息：结束测试：不输入手机号码"
"2019-05-22 09:41:40,685-test_login.py-INFO-日志信息：测试后置处理"
"2019-05-22 09:41:40,685-test_login.py-INFO-日志信息：测试后置处理"
"2019-05-22 09:49:02,365-logger.py-INFO-日志信息：测试开始啦"
"2019-05-22 09:49:02,365-logger.py-ERROR-日志信息：测试报错"
"2019-05-22 09:49:02,365-logger.py-DEBUG-日志信息：测试数据"
"2019-05-22 09:49:02,366-logger.py-INFO-日志信息：测试结束"
"2019-05-22 09:49:20,137-logger.py-INFO-日志信息：测试开始啦"
"2019-05-22 09:49:20,137-logger.py-INFO-日志信息：测试开始啦"
"2019-05-22 09:49:20,137-logger.py-INFO-日志信息：测试开始啦"
"2019-05-22 09:49:20,138-logger.py-ERROR-日志信息：测试报错"
"2019-05-22 09:49:20,138-logger.py-DEBUG-日志信息：测试数据"
"2019-05-22 09:49:20,138-logger.py-INFO-日志信息：测试结束"
"2019-05-22 09:49:44,519-logger.py-INFO-日志信息：测试开始啦"
"2019-05-22 09:49:44,520-logger.py-INFO-日志信息：测试开始啦"
"2019-05-22 09:49:44,520-logger.py-INFO-日志信息：测试开始啦"
"2019-05-22 09:49:44,520-logger.py-ERROR-日志信息：测试报错"
"2019-05-22 09:49:44,520-logger.py-DEBUG-日志信息：测试数据"
"2019-05-22 09:49:44,520-logger.py-INFO-日志信息：测试结束"
"2019-05-22 09:51:15,913-test_login.py-INFO-日志信息：准备测试前置"
"2019-05-22 09:51:15,913-test_login.py-INFO-日志信息：准备测试前置"
"2019-05-22 09:51:15,915-test_login.py-INFO-日志信息：开始测试：正常登录"
"2019-05-22 09:51:15,915-test_login.py-INFO-日志信息：开始测试：正常登录"
"2019-05-22 09:51:15,916-http_request.py-DEBUG-日志信息：请求url:http://test.lemonban.com/futureloan/mvc/api/member/login"
"2019-05-22 09:51:15,916-http_request.py-DEBUG-日志信息：请求url:http://test.lemonban.com/futureloan/mvc/api/member/login"
"2019-05-22 09:51:15,916-http_request.py-DEBUG-日志信息：请求data:{'mobilephone': '15810447878', 'pwd': '123456'}"
"2019-05-22 09:51:15,916-http_request.py-DEBUG-日志信息：请求data:{'mobilephone': '15810447878', 'pwd': '123456'}"
"2019-05-22 09:51:15,997-http_request.py-DEBUG-日志信息：请求response:{"status":1,"code":"10001","data":null,"msg":"登录成功"}"
"2019-05-22 09:51:15,997-http_request.py-DEBUG-日志信息：请求response:{"status":1,"code":"10001","data":null,"msg":"登录成功"}"
"2019-05-22 09:51:16,046-test_login.py-INFO-日志信息：结束测试：正常登录"
"2019-05-22 09:51:16,046-test_login.py-INFO-日志信息：结束测试：正常登录"
"2019-05-22 09:51:16,047-test_login.py-INFO-日志信息：开始测试：输入错误的密码"
"2019-05-22 09:51:16,047-test_login.py-INFO-日志信息：开始测试：输入错误的密码"
"2019-05-22 09:51:16,048-http_request.py-DEBUG-日志信息：请求url:http://test.lemonban.com/futureloan/mvc/api/member/login"
"2019-05-22 09:51:16,048-http_request.py-DEBUG-日志信息：请求url:http://test.lemonban.com/futureloan/mvc/api/member/login"
"2019-05-22 09:51:16,048-http_request.py-DEBUG-日志信息：请求data:{'mobilephone': '15810447878', 'pwd': '098786'}"
"2019-05-22 09:51:16,048-http_request.py-DEBUG-日志信息：请求data:{'mobilephone': '15810447878', 'pwd': '098786'}"
"2019-05-22 09:51:16,081-http_request.py-DEBUG-日志信息：请求response:{"status":0,"code":"20111","data":null,"msg":"用户名或密码错误"}"
"2019-05-22 09:51:16,081-http_request.py-DEBUG-日志信息：请求response:{"status":0,"code":"20111","data":null,"msg":"用户名或密码错误"}"
"2019-05-22 09:51:16,129-test_login.py-INFO-日志信息：结束测试：输入错误的密码"
"2019-05-22 09:51:16,129-test_login.py-INFO-日志信息：结束测试：输入错误的密码"
"2019-05-22 09:51:16,130-test_login.py-INFO-日志信息：开始测试：不输入密码"
"2019-05-22 09:51:16,130-test_login.py-INFO-日志信息：开始测试：不输入密码"
"2019-05-22 09:51:16,131-http_request.py-DEBUG-日志信息：请求url:http://test.lemonban.com/futureloan/mvc/api/member/login"
"2019-05-22 09:51:16,131-http_request.py-DEBUG-日志信息：请求url:http://test.lemonban.com/futureloan/mvc/api/member/login"
"2019-05-22 09:51:16,131-http_request.py-DEBUG-日志信息：请求data:{'mobilephone': '15810447878', 'pwd': ''}"
"2019-05-22 09:51:16,131-http_request.py-DEBUG-日志信息：请求data:{'mobilephone': '15810447878', 'pwd': ''}"
"2019-05-22 09:51:16,160-http_request.py-DEBUG-日志信息：请求response:{"status":0,"code":"20103","data":null,"msg":"密码不能为空"}"
"2019-05-22 09:51:16,160-http_request.py-DEBUG-日志信息：请求response:{"status":0,"code":"20103","data":null,"msg":"密码不能为空"}"
"2019-05-22 09:51:16,206-test_login.py-INFO-日志信息：结束测试：不输入密码"
"2019-05-22 09:51:16,206-test_login.py-INFO-日志信息：结束测试：不输入密码"
"2019-05-22 09:51:16,206-test_login.py-INFO-日志信息：开始测试：不输入手机号码"
"2019-05-22 09:51:16,206-test_login.py-INFO-日志信息：开始测试：不输入手机号码"
"2019-05-22 09:51:16,207-http_request.py-DEBUG-日志信息：请求url:http://test.lemonban.com/futureloan/mvc/api/member/login"
"2019-05-22 09:51:16,207-http_request.py-DEBUG-日志信息：请求url:http://test.lemonban.com/futureloan/mvc/api/member/login"
"2019-05-22 09:51:16,207-http_request.py-DEBUG-日志信息：请求data:{'mobilephone': '', 'pwd': '123456'}"
"2019-05-22 09:51:16,207-http_request.py-DEBUG-日志信息：请求data:{'mobilephone': '', 'pwd': '123456'}"
"2019-05-22 09:51:16,236-http_request.py-DEBUG-日志信息：请求response:{"status":0,"code":"20103","data":null,"msg":"手机号不能为空"}"
"2019-05-22 09:51:16,236-http_request.py-DEBUG-日志信息：请求response:{"status":0,"code":"20103","data":null,"msg":"手机号不能为空"}"
"2019-05-22 09:51:16,281-test_login.py-INFO-日志信息：结束测试：不输入手机号码"
"2019-05-22 09:51:16,281-test_login.py-INFO-日志信息：结束测试：不输入手机号码"
"2019-05-22 09:51:16,282-test_login.py-INFO-日志信息：测试后置处理"
"2019-05-22 09:51:16,282-test_login.py-INFO-日志信息：测试后置处理"
"2019-05-22 10:18:06,613-test_login.py-INFO-日志信息：准备测试前置"
"2019-05-22 10:18:06,613-test_login.py-INFO-日志信息：准备测试前置"
"2019-05-22 10:18:06,616-test_login.py-INFO-日志信息：开始测试：正常登录"
"2019-05-22 10:18:06,616-test_login.py-INFO-日志信息：开始测试：正常登录"
"2019-05-22 10:18:06,616-http_request.py-DEBUG-日志信息：请求url:http://test.lemonban.com/futureloan/mvc/api/member/login"
"2019-05-22 10:18:06,616-http_request.py-DEBUG-日志信息：请求url:http://test.lemonban.com/futureloan/mvc/api/member/login"
"2019-05-22 10:18:06,617-http_request.py-DEBUG-日志信息：请求data:{'mobilephone': '15810447878', 'pwd': '123456'}"
"2019-05-22 10:18:06,617-http_request.py-DEBUG-日志信息：请求data:{'mobilephone': '15810447878', 'pwd': '123456'}"
"2019-05-22 10:18:06,694-http_request.py-DEBUG-日志信息：请求response:{"status":1,"code":"10001","data":null,"msg":"登录成功"}"
"2019-05-22 10:18:06,694-http_request.py-DEBUG-日志信息：请求response:{"status":1,"code":"10001","data":null,"msg":"登录成功"}"
"2019-05-22 10:18:06,744-test_login.py-INFO-日志信息：结束测试：正常登录"
"2019-05-22 10:18:06,744-test_login.py-INFO-日志信息：结束测试：正常登录"
"2019-05-22 10:18:06,745-test_login.py-INFO-日志信息：开始测试：输入错误的密码"
"2019-05-22 10:18:06,745-test_login.py-INFO-日志信息：开始测试：输入错误的密码"
"2019-05-22 10:18:06,745-http_request.py-DEBUG-日志信息：请求url:http://test.lemonban.com/futureloan/mvc/api/member/login"
"2019-05-22 10:18:06,745-http_request.py-DEBUG-日志信息：请求url:http://test.lemonban.com/futureloan/mvc/api/member/login"
"2019-05-22 10:18:06,745-http_request.py-DEBUG-日志信息：请求data:{'mobilephone': '15810447878', 'pwd': '098786'}"
"2019-05-22 10:18:06,745-http_request.py-DEBUG-日志信息：请求data:{'mobilephone': '15810447878', 'pwd': '098786'}"
"2019-05-22 10:18:06,777-http_request.py-DEBUG-日志信息：请求response:{"status":0,"code":"20111","data":null,"msg":"用户名或密码错误"}"
"2019-05-22 10:18:06,777-http_request.py-DEBUG-日志信息：请求response:{"status":0,"code":"20111","data":null,"msg":"用户名或密码错误"}"
"2019-05-22 10:18:06,822-test_login.py-INFO-日志信息：结束测试：输入错误的密码"
"2019-05-22 10:18:06,822-test_login.py-INFO-日志信息：结束测试：输入错误的密码"
"2019-05-22 10:18:06,823-test_login.py-INFO-日志信息：开始测试：不输入密码"
"2019-05-22 10:18:06,823-test_login.py-INFO-日志信息：开始测试：不输入密码"
"2019-05-22 10:18:06,823-http_request.py-DEBUG-日志信息：请求url:http://test.lemonban.com/futureloan/mvc/api/member/login"
"2019-05-22 10:18:06,823-http_request.py-DEBUG-日志信息：请求url:http://test.lemonban.com/futureloan/mvc/api/member/login"
"2019-05-22 10:18:06,823-http_request.py-DEBUG-日志信息：请求data:{'mobilephone': '15810447878', 'pwd': ''}"
"2019-05-22 10:18:06,823-http_request.py-DEBUG-日志信息：请求data:{'mobilephone': '15810447878', 'pwd': ''}"
"2019-05-22 10:18:06,852-http_request.py-DEBUG-日志信息：请求response:{"status":0,"code":"20103","data":null,"msg":"密码不能为空"}"
"2019-05-22 10:18:06,852-http_request.py-DEBUG-日志信息：请求response:{"status":0,"code":"20103","data":null,"msg":"密码不能为空"}"
"2019-05-22 10:18:06,896-test_login.py-INFO-日志信息：结束测试：不输入密码"
"2019-05-22 10:18:06,896-test_login.py-INFO-日志信息：结束测试：不输入密码"
"2019-05-22 10:18:06,897-test_login.py-INFO-日志信息：开始测试：不输入手机号码"
"2019-05-22 10:18:06,897-test_login.py-INFO-日志信息：开始测试：不输入手机号码"
"2019-05-22 10:18:06,897-http_request.py-DEBUG-日志信息：请求url:http://test.lemonban.com/futureloan/mvc/api/member/login"
"2019-05-22 10:18:06,897-http_request.py-DEBUG-日志信息：请求url:http://test.lemonban.com/futureloan/mvc/api/member/login"
"2019-05-22 10:18:06,898-http_request.py-DEBUG-日志信息：请求data:{'mobilephone': '', 'pwd': '123456'}"
"2019-05-22 10:18:06,898-http_request.py-DEBUG-日志信息：请求data:{'mobilephone': '', 'pwd': '123456'}"
"2019-05-22 10:18:06,927-http_request.py-DEBUG-日志信息：请求response:{"status":0,"code":"20103","data":null,"msg":"手机号不能为空"}"
"2019-05-22 10:18:06,927-http_request.py-DEBUG-日志信息：请求response:{"status":0,"code":"20103","data":null,"msg":"手机号不能为空"}"
"2019-05-22 10:18:06,973-test_login.py-INFO-日志信息：结束测试：不输入手机号码"
"2019-05-22 10:18:06,973-test_login.py-INFO-日志信息：结束测试：不输入手机号码"
"2019-05-22 10:18:06,974-test_login.py-INFO-日志信息：测试后置处理"
"2019-05-22 10:18:06,974-test_login.py-INFO-日志信息：测试后置处理"
"2019-05-22 10:20:15,085-test_login.py-INFO-日志信息：准备测试前置"
"2019-05-22 10:20:15,085-test_login.py-INFO-日志信息：准备测试前置"
"2019-05-22 10:20:15,087-test_login.py-INFO-日志信息：开始测试：正常登录"
"2019-05-22 10:20:15,087-test_login.py-INFO-日志信息：开始测试：正常登录"
"2019-05-22 10:20:15,087-http_request.py-DEBUG-日志信息：请求url:http://test.lemonban.com/futureloan/mvc/api/member/login"
"2019-05-22 10:20:15,087-http_request.py-DEBUG-日志信息：请求url:http://test.lemonban.com/futureloan/mvc/api/member/login"
"2019-05-22 10:20:15,088-http_request.py-DEBUG-日志信息：请求data:{'mobilephone': '15810447878', 'pwd': '123456'}"
"2019-05-22 10:20:15,088-http_request.py-DEBUG-日志信息：请求data:{'mobilephone': '15810447878', 'pwd': '123456'}"
"2019-05-22 10:20:15,165-http_request.py-DEBUG-日志信息：请求response:{"status":1,"code":"10001","data":null,"msg":"登录成功"}"
"2019-05-22 10:20:15,165-http_request.py-DEBUG-日志信息：请求response:{"status":1,"code":"10001","data":null,"msg":"登录成功"}"
"2019-05-22 10:20:15,214-test_login.py-INFO-日志信息：结束测试：正常登录"
"2019-05-22 10:20:15,214-test_login.py-INFO-日志信息：结束测试：正常登录"
"2019-05-22 10:20:15,215-test_login.py-INFO-日志信息：开始测试：输入错误的密码"
"2019-05-22 10:20:15,215-test_login.py-INFO-日志信息：开始测试：输入错误的密码"
"2019-05-22 10:20:15,215-http_request.py-DEBUG-日志信息：请求url:http://test.lemonban.com/futureloan/mvc/api/member/login"
"2019-05-22 10:20:15,215-http_request.py-DEBUG-日志信息：请求url:http://test.lemonban.com/futureloan/mvc/api/member/login"
"2019-05-22 10:20:15,215-http_request.py-DEBUG-日志信息：请求data:{'mobilephone': '15810447878', 'pwd': '098786'}"
"2019-05-22 10:20:15,215-http_request.py-DEBUG-日志信息：请求data:{'mobilephone': '15810447878', 'pwd': '098786'}"
"2019-05-22 10:20:15,248-http_request.py-DEBUG-日志信息：请求response:{"status":0,"code":"20111","data":null,"msg":"用户名或密码错误"}"
"2019-05-22 10:20:15,248-http_request.py-DEBUG-日志信息：请求response:{"status":0,"code":"20111","data":null,"msg":"用户名或密码错误"}"
"2019-05-22 10:20:15,293-test_login.py-INFO-日志信息：结束测试：输入错误的密码"
"2019-05-22 10:20:15,293-test_login.py-INFO-日志信息：结束测试：输入错误的密码"
"2019-05-22 10:20:15,294-test_login.py-INFO-日志信息：开始测试：不输入密码"
"2019-05-22 10:20:15,294-test_login.py-INFO-日志信息：开始测试：不输入密码"
"2019-05-22 10:20:15,294-http_request.py-DEBUG-日志信息：请求url:http://test.lemonban.com/futureloan/mvc/api/member/login"
"2019-05-22 10:20:15,294-http_request.py-DEBUG-日志信息：请求url:http://test.lemonban.com/futureloan/mvc/api/member/login"
"2019-05-22 10:20:15,294-http_request.py-DEBUG-日志信息：请求data:{'mobilephone': '15810447878', 'pwd': ''}"
"2019-05-22 10:20:15,294-http_request.py-DEBUG-日志信息：请求data:{'mobilephone': '15810447878', 'pwd': ''}"
"2019-05-22 10:20:15,324-http_request.py-DEBUG-日志信息：请求response:{"status":0,"code":"20103","data":null,"msg":"密码不能为空"}"
"2019-05-22 10:20:15,324-http_request.py-DEBUG-日志信息：请求response:{"status":0,"code":"20103","data":null,"msg":"密码不能为空"}"
"2019-05-22 10:20:15,367-test_login.py-INFO-日志信息：结束测试：不输入密码"
"2019-05-22 10:20:15,367-test_login.py-INFO-日志信息：结束测试：不输入密码"
"2019-05-22 10:20:15,368-test_login.py-INFO-日志信息：开始测试：不输入手机号码"
"2019-05-22 10:20:15,368-test_login.py-INFO-日志信息：开始测试：不输入手机号码"
"2019-05-22 10:20:15,368-http_request.py-DEBUG-日志信息：请求url:http://test.lemonban.com/futureloan/mvc/api/member/login"
"2019-05-22 10:20:15,368-http_request.py-DEBUG-日志信息：请求url:http://test.lemonban.com/futureloan/mvc/api/member/login"
"2019-05-22 10:20:15,368-http_request.py-DEBUG-日志信息：请求data:{'mobilephone': '', 'pwd': '123456'}"
"2019-05-22 10:20:15,368-http_request.py-DEBUG-日志信息：请求data:{'mobilephone': '', 'pwd': '123456'}"
"2019-05-22 10:20:15,398-http_request.py-DEBUG-日志信息：请求response:{"status":0,"code":"20103","data":null,"msg":"手机号不能为空"}"
"2019-05-22 10:20:15,398-http_request.py-DEBUG-日志信息：请求response:{"status":0,"code":"20103","data":null,"msg":"手机号不能为空"}"
"2019-05-22 10:20:15,443-test_login.py-INFO-日志信息：结束测试：不输入手机号码"
"2019-05-22 10:20:15,443-test_login.py-INFO-日志信息：结束测试：不输入手机号码"
"2019-05-22 10:20:15,443-test_login.py-INFO-日志信息：测试后置处理"
"2019-05-22 10:20:15,443-test_login.py-INFO-日志信息：测试后置处理"
"2019-05-22 10:25:42,568-test_login.py-INFO-日志信息：准备测试前置"
"2019-05-22 10:25:42,568-test_login.py-INFO-日志信息：准备测试前置"
"2019-05-22 10:25:42,570-test_login.py-INFO-日志信息：开始测试：正常登录"
"2019-05-22 10:25:42,570-test_login.py-INFO-日志信息：开始测试：正常登录"
"2019-05-22 10:25:42,571-http_request.py-DEBUG-日志信息：请求url:http://test.lemonban.com/futureloan/mvc/api/member/login"
"2019-05-22 10:25:42,571-http_request.py-DEBUG-日志信息：请求url:http://test.lemonban.com/futureloan/mvc/api/member/login"
"2019-05-22 10:25:42,571-http_request.py-DEBUG-日志信息：请求data:{'mobilephone': '15810447878', 'pwd': '123456'}"
"2019-05-22 10:25:42,571-http_request.py-DEBUG-日志信息：请求data:{'mobilephone': '15810447878', 'pwd': '123456'}"
"2019-05-22 10:25:42,638-http_request.py-DEBUG-日志信息：请求response:{"status":1,"code":"10001","data":null,"msg":"登录成功"}"
"2019-05-22 10:25:42,638-http_request.py-DEBUG-日志信息：请求response:{"status":1,"code":"10001","data":null,"msg":"登录成功"}"
"2019-05-22 10:25:42,686-test_login.py-INFO-日志信息：结束测试：正常登录"
"2019-05-22 10:25:42,686-test_login.py-INFO-日志信息：结束测试：正常登录"
"2019-05-22 10:25:42,687-test_login.py-INFO-日志信息：开始测试：输入错误的密码"
"2019-05-22 10:25:42,687-test_login.py-INFO-日志信息：开始测试：输入错误的密码"
"2019-05-22 10:25:42,687-http_request.py-DEBUG-日志信息：请求url:http://test.lemonban.com/futureloan/mvc/api/member/login"
"2019-05-22 10:25:42,687-http_request.py-DEBUG-日志信息：请求url:http://test.lemonban.com/futureloan/mvc/api/member/login"
"2019-05-22 10:25:42,688-http_request.py-DEBUG-日志信息：请求data:{'mobilephone': '15810447878', 'pwd': '098786'}"
"2019-05-22 10:25:42,688-http_request.py-DEBUG-日志信息：请求data:{'mobilephone': '15810447878', 'pwd': '098786'}"
"2019-05-22 10:25:42,719-http_request.py-DEBUG-日志信息：请求response:{"status":0,"code":"20111","data":null,"msg":"用户名或密码错误"}"
"2019-05-22 10:25:42,719-http_request.py-DEBUG-日志信息：请求response:{"status":0,"code":"20111","data":null,"msg":"用户名或密码错误"}"
"2019-05-22 10:25:42,764-test_login.py-INFO-日志信息：结束测试：输入错误的密码"
"2019-05-22 10:25:42,764-test_login.py-INFO-日志信息：结束测试：输入错误的密码"
"2019-05-22 10:25:42,765-test_login.py-INFO-日志信息：开始测试：不输入密码"
"2019-05-22 10:25:42,765-test_login.py-INFO-日志信息：开始测试：不输入密码"
"2019-05-22 10:25:42,765-http_request.py-DEBUG-日志信息：请求url:http://test.lemonban.com/futureloan/mvc/api/member/login"
"2019-05-22 10:25:42,765-http_request.py-DEBUG-日志信息：请求url:http://test.lemonban.com/futureloan/mvc/api/member/login"
"2019-05-22 10:25:42,765-http_request.py-DEBUG-日志信息：请求data:{'mobilephone': '15810447878', 'pwd': ''}"
"2019-05-22 10:25:42,765-http_request.py-DEBUG-日志信息：请求data:{'mobilephone': '15810447878', 'pwd': ''}"
"2019-05-22 10:25:42,794-http_request.py-DEBUG-日志信息：请求response:{"status":0,"code":"20103","data":null,"msg":"密码不能为空"}"
"2019-05-22 10:25:42,794-http_request.py-DEBUG-日志信息：请求response:{"status":0,"code":"20103","data":null,"msg":"密码不能为空"}"
"2019-05-22 10:25:42,839-test_login.py-INFO-日志信息：结束测试：不输入密码"
"2019-05-22 10:25:42,839-test_login.py-INFO-日志信息：结束测试：不输入密码"
"2019-05-22 10:25:42,840-test_login.py-INFO-日志信息：开始测试：不输入手机号码"
"2019-05-22 10:25:42,840-test_login.py-INFO-日志信息：开始测试：不输入手机号码"
"2019-05-22 10:25:42,840-http_request.py-DEBUG-日志信息：请求url:http://test.lemonban.com/futureloan/mvc/api/member/login"
"2019-05-22 10:25:42,840-http_request.py-DEBUG-日志信息：请求url:http://test.lemonban.com/futureloan/mvc/api/member/login"
"2019-05-22 10:25:42,841-http_request.py-DEBUG-日志信息：请求data:{'mobilephone': '', 'pwd': '123456'}"
"2019-05-22 10:25:42,841-http_request.py-DEBUG-日志信息：请求data:{'mobilephone': '', 'pwd': '123456'}"
"2019-05-22 10:25:42,870-http_request.py-DEBUG-日志信息：请求response:{"status":0,"code":"20103","data":null,"msg":"手机号不能为空"}"
"2019-05-22 10:25:42,870-http_request.py-DEBUG-日志信息：请求response:{"status":0,"code":"20103","data":null,"msg":"手机号不能为空"}"
"2019-05-22 10:25:42,918-test_login.py-INFO-日志信息：结束测试：不输入手机号码"
"2019-05-22 10:25:42,918-test_login.py-INFO-日志信息：结束测试：不输入手机号码"
"2019-05-22 10:25:42,918-test_login.py-INFO-日志信息：测试后置处理"
"2019-05-22 10:25:42,918-test_login.py-INFO-日志信息：测试后置处理"
"2019-05-22 10:30:44,411-test_login.py-INFO-日志信息：准备测试前置"
"2019-05-22 10:30:44,411-test_login.py-INFO-日志信息：准备测试前置"
"2019-05-22 10:30:44,420-test_login.py-INFO-日志信息：开始测试：正常登录"
"2019-05-22 10:30:44,420-test_login.py-INFO-日志信息：开始测试：正常登录"
"2019-05-22 10:30:44,422-http_request.py-DEBUG-日志信息：请求url:http://test.lemonban.com/futureloan/mvc/api/member/login"
"2019-05-22 10:30:44,422-http_request.py-DEBUG-日志信息：请求url:http://test.lemonban.com/futureloan/mvc/api/member/login"
"2019-05-22 10:30:44,423-http_request.py-DEBUG-日志信息：请求data:{'mobilephone': '15810447878', 'pwd': '123456'}"
"2019-05-22 10:30:44,423-http_request.py-DEBUG-日志信息：请求data:{'mobilephone': '15810447878', 'pwd': '123456'}"
"2019-05-22 10:30:44,534-http_request.py-DEBUG-日志信息：请求response:{"status":1,"code":"10001","data":null,"msg":"登录成功"}"
"2019-05-22 10:30:44,534-http_request.py-DEBUG-日志信息：请求response:{"status":1,"code":"10001","data":null,"msg":"登录成功"}"
"2019-05-22 10:30:44,638-test_login.py-INFO-日志信息：结束测试：正常登录"
"2019-05-22 10:30:44,638-test_login.py-INFO-日志信息：结束测试：正常登录"
"2019-05-22 10:30:44,639-test_login.py-INFO-日志信息：开始测试：输入错误的密码"
"2019-05-22 10:30:44,639-test_login.py-INFO-日志信息：开始测试：输入错误的密码"
"2019-05-22 10:30:44,640-http_request.py-DEBUG-日志信息：请求url:http://test.lemonban.com/futureloan/mvc/api/member/login"
"2019-05-22 10:30:44,640-http_request.py-DEBUG-日志信息：请求url:http://test.lemonban.com/futureloan/mvc/api/member/login"
"2019-05-22 10:30:44,641-http_request.py-DEBUG-日志信息：请求data:{'mobilephone': '15810447878', 'pwd': '098786'}"
"2019-05-22 10:30:44,641-http_request.py-DEBUG-日志信息：请求data:{'mobilephone': '15810447878', 'pwd': '098786'}"
"2019-05-22 10:30:44,678-http_request.py-DEBUG-日志信息：请求response:{"status":0,"code":"20111","data":null,"msg":"用户名或密码错误"}"
"2019-05-22 10:30:44,678-http_request.py-DEBUG-日志信息：请求response:{"status":0,"code":"20111","data":null,"msg":"用户名或密码错误"}"
"2019-05-22 10:30:44,773-test_login.py-INFO-日志信息：结束测试：输入错误的密码"
"2019-05-22 10:30:44,773-test_login.py-INFO-日志信息：结束测试：输入错误的密码"
"2019-05-22 10:30:44,775-test_login.py-INFO-日志信息：开始测试：不输入密码"
"2019-05-22 10:30:44,775-test_login.py-INFO-日志信息：开始测试：不输入密码"
"2019-05-22 10:30:44,776-http_request.py-DEBUG-日志信息：请求url:http://test.lemonban.com/futureloan/mvc/api/member/login"
"2019-05-22 10:30:44,776-http_request.py-DEBUG-日志信息：请求url:http://test.lemonban.com/futureloan/mvc/api/member/login"
"2019-05-22 10:30:44,777-http_request.py-DEBUG-日志信息：请求data:{'mobilephone': '15810447878', 'pwd': ''}"
"2019-05-22 10:30:44,777-http_request.py-DEBUG-日志信息：请求data:{'mobilephone': '15810447878', 'pwd': ''}"
"2019-05-22 10:30:44,812-http_request.py-DEBUG-日志信息：请求response:{"status":0,"code":"20103","data":null,"msg":"密码不能为空"}"
"2019-05-22 10:30:44,812-http_request.py-DEBUG-日志信息：请求response:{"status":0,"code":"20103","data":null,"msg":"密码不能为空"}"
"2019-05-22 10:30:44,903-test_login.py-INFO-日志信息：结束测试：不输入密码"
"2019-05-22 10:30:44,903-test_login.py-INFO-日志信息：结束测试：不输入密码"
"2019-05-22 10:30:44,905-test_login.py-INFO-日志信息：开始测试：不输入手机号码"
"2019-05-22 10:30:44,905-test_login.py-INFO-日志信息：开始测试：不输入手机号码"
"2019-05-22 10:30:44,906-http_request.py-DEBUG-日志信息：请求url:http://test.lemonban.com/futureloan/mvc/api/member/login"
"2019-05-22 10:30:44,906-http_request.py-DEBUG-日志信息：请求url:http://test.lemonban.com/futureloan/mvc/api/member/login"
"2019-05-22 10:30:44,907-http_request.py-DEBUG-日志信息：请求data:{'mobilephone': '', 'pwd': '123456'}"
"2019-05-22 10:30:44,907-http_request.py-DEBUG-日志信息：请求data:{'mobilephone': '', 'pwd': '123456'}"
"2019-05-22 10:30:44,942-http_request.py-DEBUG-日志信息：请求response:{"status":0,"code":"20103","data":null,"msg":"手机号不能为空"}"
"2019-05-22 10:30:44,942-http_request.py-DEBUG-日志信息：请求response:{"status":0,"code":"20103","data":null,"msg":"手机号不能为空"}"
"2019-05-22 10:30:45,046-test_login.py-INFO-日志信息：结束测试：不输入手机号码"
"2019-05-22 10:30:45,046-test_login.py-INFO-日志信息：结束测试：不输入手机号码"
"2019-05-22 10:30:45,048-test_login.py-INFO-日志信息：测试后置处理"
"2019-05-22 10:30:45,048-test_login.py-INFO-日志信息：测试后置处理"
"2019-05-22 10:31:27,015-test_login.py-INFO-日志信息：准备测试前置"
"2019-05-22 10:31:27,015-test_login.py-INFO-日志信息：准备测试前置"
"2019-05-22 10:31:42,851-test_login.py-INFO-日志信息：开始测试：正常登录"
"2019-05-22 10:31:42,851-test_login.py-INFO-日志信息：开始测试：正常登录"
"2019-05-22 10:31:42,854-http_request.py-DEBUG-日志信息：请求url:http://test.lemonban.com/futureloan/mvc/api/member/login"
"2019-05-22 10:31:42,854-http_request.py-DEBUG-日志信息：请求url:http://test.lemonban.com/futureloan/mvc/api/member/login"
"2019-05-22 10:31:42,857-http_request.py-DEBUG-日志信息：请求data:{'mobilephone': '15810447878', 'pwd': '123456'}"
"2019-05-22 10:31:42,857-http_request.py-DEBUG-日志信息：请求data:{'mobilephone': '15810447878', 'pwd': '123456'}"
"2019-05-22 10:31:42,970-http_request.py-DEBUG-日志信息：请求response:{"status":1,"code":"10001","data":null,"msg":"登录成功"}"
"2019-05-22 10:31:42,970-http_request.py-DEBUG-日志信息：请求response:{"status":1,"code":"10001","data":null,"msg":"登录成功"}"
"2019-05-22 10:31:43,069-test_login.py-INFO-日志信息：结束测试：正常登录"
"2019-05-22 10:31:43,069-test_login.py-INFO-日志信息：结束测试：正常登录"
"2019-05-22 10:32:35,049-test_login.py-INFO-日志信息：准备测试前置"
"2019-05-22 10:32:35,049-test_login.py-INFO-日志信息：准备测试前置"
"2019-05-22 10:32:40,953-test_login.py-INFO-日志信息：开始测试：正常登录"
"2019-05-22 10:32:40,953-test_login.py-INFO-日志信息：开始测试：正常登录"
"2019-05-22 10:32:40,956-http_request.py-DEBUG-日志信息：请求url:http://test.lemonban.com/futureloan/mvc/api/member/login"
"2019-05-22 10:32:40,956-http_request.py-DEBUG-日志信息：请求url:http://test.lemonban.com/futureloan/mvc/api/member/login"
"2019-05-22 10:32:40,957-http_request.py-DEBUG-日志信息：请求data:{'mobilephone': '15810447878', 'pwd': '123456'}"
"2019-05-22 10:32:40,957-http_request.py-DEBUG-日志信息：请求data:{'mobilephone': '15810447878', 'pwd': '123456'}"
"2019-05-22 10:32:41,048-http_request.py-DEBUG-日志信息：请求response:{"status":1,"code":"10001","data":null,"msg":"登录成功"}"
"2019-05-22 10:32:41,048-http_request.py-DEBUG-日志信息：请求response:{"status":1,"code":"10001","data":null,"msg":"登录成功"}"
"2019-05-22 10:34:53,766-logger.py-INFO-日志信息：测试开始啦"
"2019-05-22 10:34:53,766-logger.py-INFO-日志信息：测试开始啦"
"2019-05-22 10:34:53,766-logger.py-INFO-日志信息：测试开始啦"
"2019-05-22 10:34:53,767-logger.py-ERROR-日志信息：测试报错"
"2019-05-22 10:34:53,767-logger.py-DEBUG-日志信息：测试数据"
"2019-05-22 10:34:53,767-logger.py-INFO-日志信息：测试结束"
"2019-05-22 10:35:19,808-logger.py-INFO-日志信息：测试开始啦"
"2019-05-22 10:35:19,808-logger.py-ERROR-日志信息：测试报错"
"2019-05-22 10:35:19,809-logger.py-DEBUG-日志信息：测试数据"
"2019-05-22 10:35:19,809-logger.py-INFO-日志信息：测试结束"
"2019-05-22 10:42:22,234-test_login.py-INFO-日志信息：准备测试前置"
"2019-05-22 10:42:22,234-test_login.py-INFO-日志信息：准备测试前置"
"2019-05-22 10:42:45,838-test_login.py-INFO-日志信息：开始测试：正常登录"
"2019-05-22 10:42:45,838-test_login.py-INFO-日志信息：开始测试：正常登录"
"2019-05-22 10:43:15,104-http_request.py-DEBUG-日志信息：请求url:http://test.lemonban.com/futureloan/mvc/api/member/login"
"2019-05-22 10:43:15,104-http_request.py-DEBUG-日志信息：请求url:http://test.lemonban.com/futureloan/mvc/api/member/login"
"2019-05-22 10:43:15,106-http_request.py-DEBUG-日志信息：请求data:{'mobilephone': '15810447878', 'pwd': '123456'}"
"2019-05-22 10:43:15,106-http_request.py-DEBUG-日志信息：请求data:{'mobilephone': '15810447878', 'pwd': '123456'}"
"2019-05-22 10:43:15,215-http_request.py-DEBUG-日志信息：请求response:{"status":1,"code":"10001","data":null,"msg":"登录成功"}"
"2019-05-22 10:43:15,215-http_request.py-DEBUG-日志信息：请求response:{"status":1,"code":"10001","data":null,"msg":"登录成功"}"
"2019-05-22 10:43:55,067-test_login.py-INFO-日志信息：结束测试：正常登录"
"2019-05-22 10:43:55,067-test_login.py-INFO-日志信息：结束测试：正常登录"
"2019-05-22 10:43:56,584-test_login.py-INFO-日志信息：开始测试：输入错误的密码"
"2019-05-22 10:43:56,584-test_login.py-INFO-日志信息：开始测试：输入错误的密码"
"2019-05-22 10:44:02,175-http_request.py-DEBUG-日志信息：请求url:http://test.lemonban.com/futureloan/mvc/api/member/login"
"2019-05-22 10:44:02,175-http_request.py-DEBUG-日志信息：请求url:http://test.lemonban.com/futureloan/mvc/api/member/login"
"2019-05-22 10:44:02,176-http_request.py-DEBUG-日志信息：请求data:{'mobilephone': '15810447878', 'pwd': '098786'}"
"2019-05-22 10:44:02,176-http_request.py-DEBUG-日志信息：请求data:{'mobilephone': '15810447878', 'pwd': '098786'}"
"2019-05-22 10:44:02,215-http_request.py-DEBUG-日志信息：请求response:{"status":0,"code":"20111","data":null,"msg":"用户名或密码错误"}"
"2019-05-22 10:44:02,215-http_request.py-DEBUG-日志信息：请求response:{"status":0,"code":"20111","data":null,"msg":"用户名或密码错误"}"
"2019-05-22 10:44:09,377-test_login.py-INFO-日志信息：结束测试：输入错误的密码"
"2019-05-22 10:44:09,377-test_login.py-INFO-日志信息：结束测试：输入错误的密码"
"2019-05-22 10:44:12,693-test_login.py-INFO-日志信息：开始测试：不输入密码"
"2019-05-22 10:44:12,693-test_login.py-INFO-日志信息：开始测试：不输入密码"
"2019-05-22 10:44:15,941-http_request.py-DEBUG-日志信息：请求url:http://test.lemonban.com/futureloan/mvc/api/member/login"
"2019-05-22 10:44:15,941-http_request.py-DEBUG-日志信息：请求url:http://test.lemonban.com/futureloan/mvc/api/member/login"
"2019-05-22 10:44:15,943-http_request.py-DEBUG-日志信息：请求data:{'mobilephone': '15810447878', 'pwd': ''}"
"2019-05-22 10:44:15,943-http_request.py-DEBUG-日志信息：请求data:{'mobilephone': '15810447878', 'pwd': ''}"
"2019-05-22 10:44:15,983-http_request.py-DEBUG-日志信息：请求response:{"status":0,"code":"20103","data":null,"msg":"密码不能为空"}"
"2019-05-22 10:44:15,983-http_request.py-DEBUG-日志信息：请求response:{"status":0,"code":"20103","data":null,"msg":"密码不能为空"}"
"2019-05-22 10:44:20,608-test_login.py-INFO-日志信息：结束测试：不输入密码"
"2019-05-22 10:44:20,608-test_login.py-INFO-日志信息：结束测试：不输入密码"
"2019-05-22 10:44:23,730-test_login.py-INFO-日志信息：开始测试：不输入手机号码"
"2019-05-22 10:44:23,730-test_login.py-INFO-日志信息：开始测试：不输入手机号码"
"2019-05-22 10:44:25,228-http_request.py-DEBUG-日志信息：请求url:http://test.lemonban.com/futureloan/mvc/api/member/login"
"2019-05-22 10:44:25,228-http_request.py-DEBUG-日志信息：请求url:http://test.lemonban.com/futureloan/mvc/api/member/login"
"2019-05-22 10:44:25,230-http_request.py-DEBUG-日志信息：请求data:{'mobilephone': '', 'pwd': '123456'}"
"2019-05-22 10:44:25,230-http_request.py-DEBUG-日志信息：请求data:{'mobilephone': '', 'pwd': '123456'}"
"2019-05-22 10:44:25,267-http_request.py-DEBUG-日志信息：请求response:{"status":0,"code":"20103","data":null,"msg":"手机号不能为空"}"
"2019-05-22 10:44:25,267-http_request.py-DEBUG-日志信息：请求response:{"status":0,"code":"20103","data":null,"msg":"手机号不能为空"}"
"2019-05-22 10:44:26,730-test_login.py-INFO-日志信息：结束测试：不输入手机号码"
"2019-05-22 10:44:26,730-test_login.py-INFO-日志信息：结束测试：不输入手机号码"
"2019-05-22 10:44:28,268-test_login.py-INFO-日志信息：测试后置处理"
"2019-05-22 10:44:28,268-test_login.py-INFO-日志信息：测试后置处理"
"2019-05-22 10:44:58,274-test_login.py-INFO-日志信息：开始测试：正常登录"
"2019-05-22 10:44:58,274-test_login.py-INFO-日志信息：开始测试：正常登录"
"2019-05-22 10:44:58,930-http_request.py-DEBUG-日志信息：请求url:http://test.lemonban.com/futureloan/mvc/api/member/login"
"2019-05-22 10:44:58,930-http_request.py-DEBUG-日志信息：请求url:http://test.lemonban.com/futureloan/mvc/api/member/login"
"2019-05-22 10:44:58,933-http_request.py-DEBUG-日志信息：请求data:{'mobilephone': '15810447878', 'pwd': '123456'}"
"2019-05-22 10:44:58,933-http_request.py-DEBUG-日志信息：请求data:{'mobilephone': '15810447878', 'pwd': '123456'}"
"2019-05-22 10:44:59,044-http_request.py-DEBUG-日志信息：请求response:{"status":1,"code":"10001","data":null,"msg":"登录成功"}"
"2019-05-22 10:44:59,044-http_request.py-DEBUG-日志信息：请求response:{"status":1,"code":"10001","data":null,"msg":"登录成功"}"
"2019-05-22 10:45:00,095-test_login.py-INFO-日志信息：结束测试：正常登录"
"2019-05-22 10:45:00,095-test_login.py-INFO-日志信息：结束测试：正常登录"
"2019-05-22 10:45:00,579-test_login.py-INFO-日志信息：开始测试：输入错误的密码"
"2019-05-22 10:45:00,579-test_login.py-INFO-日志信息：开始测试：输入错误的密码"
"2019-05-22 10:45:00,825-http_request.py-DEBUG-日志信息：请求url:http://test.lemonban.com/futureloan/mvc/api/member/login"
"2019-05-22 10:45:00,825-http_request.py-DEBUG-日志信息：请求url:http://test.lemonban.com/futureloan/mvc/api/member/login"
"2019-05-22 10:45:00,827-http_request.py-DEBUG-日志信息：请求data:{'mobilephone': '15810447878', 'pwd': '098786'}"
"2019-05-22 10:45:00,827-http_request.py-DEBUG-日志信息：请求data:{'mobilephone': '15810447878', 'pwd': '098786'}"
"2019-05-22 10:45:00,869-http_request.py-DEBUG-日志信息：请求response:{"status":0,"code":"20111","data":null,"msg":"用户名或密码错误"}"
"2019-05-22 10:45:00,869-http_request.py-DEBUG-日志信息：请求response:{"status":0,"code":"20111","data":null,"msg":"用户名或密码错误"}"
"2019-05-22 10:45:01,059-test_login.py-INFO-日志信息：结束测试：输入错误的密码"
"2019-05-22 10:45:01,059-test_login.py-INFO-日志信息：结束测试：输入错误的密码"
"2019-05-22 10:45:01,298-test_login.py-INFO-日志信息：开始测试：不输入密码"
"2019-05-22 10:45:01,298-test_login.py-INFO-日志信息：开始测试：不输入密码"
"2019-05-22 10:45:01,525-http_request.py-DEBUG-日志信息：请求url:http://test.lemonban.com/futureloan/mvc/api/member/login"
"2019-05-22 10:45:01,525-http_request.py-DEBUG-日志信息：请求url:http://test.lemonban.com/futureloan/mvc/api/member/login"
"2019-05-22 10:45:01,527-http_request.py-DEBUG-日志信息：请求data:{'mobilephone': '15810447878', 'pwd': ''}"
"2019-05-22 10:45:01,527-http_request.py-DEBUG-日志信息：请求data:{'mobilephone': '15810447878', 'pwd': ''}"
"2019-05-22 10:45:01,563-http_request.py-DEBUG-日志信息：请求response:{"status":0,"code":"20103","data":null,"msg":"密码不能为空"}"
"2019-05-22 10:45:01,563-http_request.py-DEBUG-日志信息：请求response:{"status":0,"code":"20103","data":null,"msg":"密码不能为空"}"
"2019-05-22 10:45:01,929-test_login.py-INFO-日志信息：结束测试：不输入密码"
"2019-05-22 10:45:01,929-test_login.py-INFO-日志信息：结束测试：不输入密码"
"2019-05-22 10:45:02,137-test_login.py-INFO-日志信息：开始测试：不输入手机号码"
"2019-05-22 10:45:02,137-test_login.py-INFO-日志信息：开始测试：不输入手机号码"
"2019-05-22 10:45:02,344-http_request.py-DEBUG-日志信息：请求url:http://test.lemonban.com/futureloan/mvc/api/member/login"
"2019-05-22 10:45:02,344-http_request.py-DEBUG-日志信息：请求url:http://test.lemonban.com/futureloan/mvc/api/member/login"
"2019-05-22 10:45:02,347-http_request.py-DEBUG-日志信息：请求data:{'mobilephone': '', 'pwd': '123456'}"
"2019-05-22 10:45:02,347-http_request.py-DEBUG-日志信息：请求data:{'mobilephone': '', 'pwd': '123456'}"
"2019-05-22 10:45:02,384-http_request.py-DEBUG-日志信息：请求response:{"status":0,"code":"20103","data":null,"msg":"手机号不能为空"}"
"2019-05-22 10:45:02,384-http_request.py-DEBUG-日志信息：请求response:{"status":0,"code":"20103","data":null,"msg":"手机号不能为空"}"
"2019-05-22 10:46:41,079-test_login.py-INFO-日志信息：准备测试前置"
"2019-05-22 10:46:41,079-test_login.py-INFO-日志信息：准备测试前置"
"2019-05-22 10:46:41,082-test_login.py-INFO-日志信息：开始测试：正常登录"
"2019-05-22 10:46:41,082-test_login.py-INFO-日志信息：开始测试：正常登录"
"2019-05-22 10:46:41,082-http_request.py-DEBUG-日志信息：请求url:http://test.lemonban.com/futureloan/mvc/api/member/login"
"2019-05-22 10:46:41,082-http_request.py-DEBUG-日志信息：请求url:http://test.lemonban.com/futureloan/mvc/api/member/login"
"2019-05-22 10:46:41,083-http_request.py-DEBUG-日志信息：请求data:{'mobilephone': '15810447878', 'pwd': '123456'}"
"2019-05-22 10:46:41,083-http_request.py-DEBUG-日志信息：请求data:{'mobilephone': '15810447878', 'pwd': '123456'}"
"2019-05-22 10:46:41,172-http_request.py-DEBUG-日志信息：请求response:{"status":1,"code":"10001","data":null,"msg":"登录成功"}"
"2019-05-22 10:46:41,172-http_request.py-DEBUG-日志信息：请求response:{"status":1,"code":"10001","data":null,"msg":"登录成功"}"
"2019-05-22 10:46:41,225-test_login.py-INFO-日志信息：结束测试：正常登录"
"2019-05-22 10:46:41,225-test_login.py-INFO-日志信息：结束测试：正常登录"
"2019-05-22 10:46:41,227-test_login.py-INFO-日志信息：开始测试：输入错误的密码"
"2019-05-22 10:46:41,227-test_login.py-INFO-日志信息：开始测试：输入错误的密码"
"2019-05-22 10:46:41,227-http_request.py-DEBUG-日志信息：请求url:http://test.lemonban.com/futureloan/mvc/api/member/login"
"2019-05-22 10:46:41,227-http_request.py-DEBUG-日志信息：请求url:http://test.lemonban.com/futureloan/mvc/api/member/login"
"2019-05-22 10:46:41,228-http_request.py-DEBUG-日志信息：请求data:{'mobilephone': '15810447878', 'pwd': '098786'}"
"2019-05-22 10:46:41,228-http_request.py-DEBUG-日志信息：请求data:{'mobilephone': '15810447878', 'pwd': '098786'}"
"2019-05-22 10:46:41,263-http_request.py-DEBUG-日志信息：请求response:{"status":0,"code":"20111","data":null,"msg":"用户名或密码错误"}"
"2019-05-22 10:46:41,263-http_request.py-DEBUG-日志信息：请求response:{"status":0,"code":"20111","data":null,"msg":"用户名或密码错误"}"
"2019-05-22 10:46:41,313-test_login.py-INFO-日志信息：结束测试：输入错误的密码"
"2019-05-22 10:46:41,313-test_login.py-INFO-日志信息：结束测试：输入错误的密码"
"2019-05-22 10:46:41,314-test_login.py-INFO-日志信息：开始测试：不输入密码"
"2019-05-22 10:46:41,314-test_login.py-INFO-日志信息：开始测试：不输入密码"
"2019-05-22 10:46:41,314-http_request.py-DEBUG-日志信息：请求url:http://test.lemonban.com/futureloan/mvc/api/member/login"
"2019-05-22 10:46:41,314-http_request.py-DEBUG-日志信息：请求url:http://test.lemonban.com/futureloan/mvc/api/member/login"
"2019-05-22 10:46:41,315-http_request.py-DEBUG-日志信息：请求data:{'mobilephone': '15810447878', 'pwd': ''}"
"2019-05-22 10:46:41,315-http_request.py-DEBUG-日志信息：请求data:{'mobilephone': '15810447878', 'pwd': ''}"
"2019-05-22 10:46:41,347-http_request.py-DEBUG-日志信息：请求response:{"status":0,"code":"20103","data":null,"msg":"密码不能为空"}"
"2019-05-22 10:46:41,347-http_request.py-DEBUG-日志信息：请求response:{"status":0,"code":"20103","data":null,"msg":"密码不能为空"}"
"2019-05-22 10:46:41,393-test_login.py-INFO-日志信息：结束测试：不输入密码"
"2019-05-22 10:46:41,393-test_login.py-INFO-日志信息：结束测试：不输入密码"
"2019-05-22 10:46:41,395-test_login.py-INFO-日志信息：开始测试：不输入手机号码"
"2019-05-22 10:46:41,395-test_login.py-INFO-日志信息：开始测试：不输入手机号码"
"2019-05-22 10:46:41,395-http_request.py-DEBUG-日志信息：请求url:http://test.lemonban.com/futureloan/mvc/api/member/login"
"2019-05-22 10:46:41,395-http_request.py-DEBUG-日志信息：请求url:http://test.lemonban.com/futureloan/mvc/api/member/login"
"2019-05-22 10:46:41,396-http_request.py-DEBUG-日志信息：请求data:{'mobilephone': '', 'pwd': '123456'}"
"2019-05-22 10:46:41,396-http_request.py-DEBUG-日志信息：请求data:{'mobilephone': '', 'pwd': '123456'}"
"2019-05-22 10:46:41,429-http_request.py-DEBUG-日志信息：请求response:{"status":0,"code":"20103","data":null,"msg":"手机号不能为空"}"
"2019-05-22 10:46:41,429-http_request.py-DEBUG-日志信息：请求response:{"status":0,"code":"20103","data":null,"msg":"手机号不能为空"}"
"2019-05-22 10:46:41,478-test_login.py-INFO-日志信息：结束测试：不输入手机号码"
"2019-05-22 10:46:41,478-test_login.py-INFO-日志信息：结束测试：不输入手机号码"
"2019-05-22 10:46:41,479-test_login.py-INFO-日志信息：测试后置处理"
"2019-05-22 10:46:41,479-test_login.py-INFO-日志信息：测试后置处理"
"2019-05-22 10:55:52,162-test_login.py-INFO-日志信息：准备测试前置"
"2019-05-22 10:55:52,162-test_login.py-INFO-日志信息：准备测试前置"
"2019-05-22 10:55:52,166-test_login.py-INFO-日志信息：开始测试：正常登录"
"2019-05-22 10:55:52,166-test_login.py-INFO-日志信息：开始测试：正常登录"
"2019-05-22 10:55:52,166-http_request.py-DEBUG-日志信息：请求url:http://test.lemonban.com/futureloan/mvc/api/member/login"
"2019-05-22 10:55:52,166-http_request.py-DEBUG-日志信息：请求url:http://test.lemonban.com/futureloan/mvc/api/member/login"
"2019-05-22 10:55:52,166-http_request.py-DEBUG-日志信息：请求data:{'mobilephone': '15810447878', 'pwd': '123456'}"
"2019-05-22 10:55:52,166-http_request.py-DEBUG-日志信息：请求data:{'mobilephone': '15810447878', 'pwd': '123456'}"
"2019-05-22 10:55:52,256-http_request.py-DEBUG-日志信息：请求response:{"status":1,"code":"10001","data":null,"msg":"登录成功"}"
"2019-05-22 10:55:52,256-http_request.py-DEBUG-日志信息：请求response:{"status":1,"code":"10001","data":null,"msg":"登录成功"}"
"2019-05-22 10:55:52,310-test_login.py-INFO-日志信息：结束测试：正常登录"
"2019-05-22 10:55:52,310-test_login.py-INFO-日志信息：结束测试：正常登录"
"2019-05-22 10:55:52,311-test_login.py-INFO-日志信息：开始测试：输入错误的密码"
"2019-05-22 10:55:52,311-test_login.py-INFO-日志信息：开始测试：输入错误的密码"
"2019-05-22 10:55:52,311-http_request.py-DEBUG-日志信息：请求url:http://test.lemonban.com/futureloan/mvc/api/member/login"
"2019-05-22 10:55:52,311-http_request.py-DEBUG-日志信息：请求url:http://test.lemonban.com/futureloan/mvc/api/member/login"
"2019-05-22 10:55:52,311-http_request.py-DEBUG-日志信息：请求data:{'mobilephone': '15810447878', 'pwd': '098786'}"
"2019-05-22 10:55:52,311-http_request.py-DEBUG-日志信息：请求data:{'mobilephone': '15810447878', 'pwd': '098786'}"
"2019-05-22 10:55:52,345-http_request.py-DEBUG-日志信息：请求response:{"status":0,"code":"20111","data":null,"msg":"用户名或密码错误"}"
"2019-05-22 10:55:52,345-http_request.py-DEBUG-日志信息：请求response:{"status":0,"code":"20111","data":null,"msg":"用户名或密码错误"}"
"2019-05-22 10:55:52,389-test_login.py-INFO-日志信息：结束测试：输入错误的密码"
"2019-05-22 10:55:52,389-test_login.py-INFO-日志信息：结束测试：输入错误的密码"
"2019-05-22 10:55:52,390-test_login.py-INFO-日志信息：开始测试：不输入密码"
"2019-05-22 10:55:52,390-test_login.py-INFO-日志信息：开始测试：不输入密码"
"2019-05-22 10:55:52,391-http_request.py-DEBUG-日志信息：请求url:http://test.lemonban.com/futureloan/mvc/api/member/login"
"2019-05-22 10:55:52,391-http_request.py-DEBUG-日志信息：请求url:http://test.lemonban.com/futureloan/mvc/api/member/login"
"2019-05-22 10:55:52,391-http_request.py-DEBUG-日志信息：请求data:{'mobilephone': '15810447878', 'pwd': ''}"
"2019-05-22 10:55:52,391-http_request.py-DEBUG-日志信息：请求data:{'mobilephone': '15810447878', 'pwd': ''}"
"2019-05-22 10:55:52,424-http_request.py-DEBUG-日志信息：请求response:{"status":0,"code":"20103","data":null,"msg":"密码不能为空"}"
"2019-05-22 10:55:52,424-http_request.py-DEBUG-日志信息：请求response:{"status":0,"code":"20103","data":null,"msg":"密码不能为空"}"
"2019-05-22 10:55:52,477-test_login.py-INFO-日志信息：结束测试：不输入密码"
"2019-05-22 10:55:52,477-test_login.py-INFO-日志信息：结束测试：不输入密码"
"2019-05-22 10:55:52,478-test_login.py-INFO-日志信息：开始测试：不输入手机号码"
"2019-05-22 10:55:52,478-test_login.py-INFO-日志信息：开始测试：不输入手机号码"
"2019-05-22 10:55:52,478-http_request.py-DEBUG-日志信息：请求url:http://test.lemonban.com/futureloan/mvc/api/member/login"
"2019-05-22 10:55:52,478-http_request.py-DEBUG-日志信息：请求url:http://test.lemonban.com/futureloan/mvc/api/member/login"
"2019-05-22 10:55:52,479-http_request.py-DEBUG-日志信息：请求data:{'mobilephone': '', 'pwd': '123456'}"
"2019-05-22 10:55:52,479-http_request.py-DEBUG-日志信息：请求data:{'mobilephone': '', 'pwd': '123456'}"
"2019-05-22 10:55:52,513-http_request.py-DEBUG-日志信息：请求response:{"status":0,"code":"20103","data":null,"msg":"手机号不能为空"}"
"2019-05-22 10:55:52,513-http_request.py-DEBUG-日志信息：请求response:{"status":0,"code":"20103","data":null,"msg":"手机号不能为空"}"
"2019-05-22 10:55:52,566-test_login.py-INFO-日志信息：结束测试：不输入手机号码"
"2019-05-22 10:55:52,566-test_login.py-INFO-日志信息：结束测试：不输入手机号码"
"2019-05-22 10:55:52,567-test_login.py-INFO-日志信息：测试后置处理"
"2019-05-22 10:55:52,567-test_login.py-INFO-日志信息：测试后置处理"
"2019-05-22 10:58:44,343-test_login.py-INFO-日志信息：准备测试前置"
"2019-05-22 10:58:44,343-test_login.py-INFO-日志信息：准备测试前置"
"2019-05-22 10:59:39,159-test_login.py-INFO-日志信息：准备测试前置"
"2019-05-22 10:59:39,159-test_login.py-INFO-日志信息：准备测试前置"
"2019-05-22 10:59:39,162-test_login.py-INFO-日志信息：开始测试：正常登录"
"2019-05-22 10:59:39,162-test_login.py-INFO-日志信息：开始测试：正常登录"
"2019-05-22 10:59:39,162-http_request.py-DEBUG-日志信息：请求url:http://test.lemonban.com/futureloan/mvc/api/member/login"
"2019-05-22 10:59:39,162-http_request.py-DEBUG-日志信息：请求url:http://test.lemonban.com/futureloan/mvc/api/member/login"
"2019-05-22 10:59:39,162-http_request.py-DEBUG-日志信息：请求data:{'mobilephone': '15810447878', 'pwd': '123456'}"
"2019-05-22 10:59:39,162-http_request.py-DEBUG-日志信息：请求data:{'mobilephone': '15810447878', 'pwd': '123456'}"
"2019-05-22 10:59:39,248-http_request.py-DEBUG-日志信息：请求response:{"status":1,"code":"10001","data":null,"msg":"登录成功"}"
"2019-05-22 10:59:39,248-http_request.py-DEBUG-日志信息：请求response:{"status":1,"code":"10001","data":null,"msg":"登录成功"}"
"2019-05-22 10:59:39,295-test_login.py-INFO-日志信息：结束测试：正常登录"
"2019-05-22 10:59:39,295-test_login.py-INFO-日志信息：结束测试：正常登录"
"2019-05-22 10:59:39,296-test_login.py-INFO-日志信息：开始测试：输入错误的密码"
"2019-05-22 10:59:39,296-test_login.py-INFO-日志信息：开始测试：输入错误的密码"
"2019-05-22 10:59:39,296-http_request.py-DEBUG-日志信息：请求url:http://test.lemonban.com/futureloan/mvc/api/member/login"
"2019-05-22 10:59:39,296-http_request.py-DEBUG-日志信息：请求url:http://test.lemonban.com/futureloan/mvc/api/member/login"
"2019-05-22 10:59:39,296-http_request.py-DEBUG-日志信息：请求data:{'mobilephone': '15810447878', 'pwd': '098786'}"
"2019-05-22 10:59:39,296-http_request.py-DEBUG-日志信息：请求data:{'mobilephone': '15810447878', 'pwd': '098786'}"
"2019-05-22 10:59:39,330-http_request.py-DEBUG-日志信息：请求response:{"status":0,"code":"20111","data":null,"msg":"用户名或密码错误"}"
"2019-05-22 10:59:39,330-http_request.py-DEBUG-日志信息：请求response:{"status":0,"code":"20111","data":null,"msg":"用户名或密码错误"}"
"2019-05-22 10:59:39,374-test_login.py-INFO-日志信息：结束测试：输入错误的密码"
"2019-05-22 10:59:39,374-test_login.py-INFO-日志信息：结束测试：输入错误的密码"
"2019-05-22 10:59:39,375-test_login.py-INFO-日志信息：开始测试：不输入密码"
"2019-05-22 10:59:39,375-test_login.py-INFO-日志信息：开始测试：不输入密码"
"2019-05-22 10:59:39,375-http_request.py-DEBUG-日志信息：请求url:http://test.lemonban.com/futureloan/mvc/api/member/login"
"2019-05-22 10:59:39,375-http_request.py-DEBUG-日志信息：请求url:http://test.lemonban.com/futureloan/mvc/api/member/login"
"2019-05-22 10:59:39,375-http_request.py-DEBUG-日志信息：请求data:{'mobilephone': '15810447878', 'pwd': ''}"
"2019-05-22 10:59:39,375-http_request.py-DEBUG-日志信息：请求data:{'mobilephone': '15810447878', 'pwd': ''}"
"2019-05-22 10:59:39,407-http_request.py-DEBUG-日志信息：请求response:{"status":0,"code":"20103","data":null,"msg":"密码不能为空"}"
"2019-05-22 10:59:39,407-http_request.py-DEBUG-日志信息：请求response:{"status":0,"code":"20103","data":null,"msg":"密码不能为空"}"
"2019-05-22 10:59:39,450-test_login.py-INFO-日志信息：结束测试：不输入密码"
"2019-05-22 10:59:39,450-test_login.py-INFO-日志信息：结束测试：不输入密码"
"2019-05-22 10:59:39,451-test_login.py-INFO-日志信息：开始测试：不输入手机号码"
"2019-05-22 10:59:39,451-test_login.py-INFO-日志信息：开始测试：不输入手机号码"
"2019-05-22 10:59:39,451-http_request.py-DEBUG-日志信息：请求url:http://test.lemonban.com/futureloan/mvc/api/member/login"
"2019-05-22 10:59:39,451-http_request.py-DEBUG-日志信息：请求url:http://test.lemonban.com/futureloan/mvc/api/member/login"
"2019-05-22 10:59:39,452-http_request.py-DEBUG-日志信息：请求data:{'mobilephone': '', 'pwd': '123456'}"
"2019-05-22 10:59:39,452-http_request.py-DEBUG-日志信息：请求data:{'mobilephone': '', 'pwd': '123456'}"
"2019-05-22 10:59:39,483-http_request.py-DEBUG-日志信息：请求response:{"status":0,"code":"20103","data":null,"msg":"手机号不能为空"}"
"2019-05-22 10:59:39,483-http_request.py-DEBUG-日志信息：请求response:{"status":0,"code":"20103","data":null,"msg":"手机号不能为空"}"
"2019-05-22 10:59:39,529-test_login.py-INFO-日志信息：结束测试：不输入手机号码"
"2019-05-22 10:59:39,529-test_login.py-INFO-日志信息：结束测试：不输入手机号码"
"2019-05-22 10:59:39,530-test_login.py-INFO-日志信息：测试后置处理"
"2019-05-22 10:59:39,530-test_login.py-INFO-日志信息：测试后置处理"
"2019-05-22 11:23:12,255-test_login.py-INFO-日志信息：准备测试前置"
"2019-05-22 11:23:12,255-test_login.py-INFO-日志信息：准备测试前置"
"2019-05-22 11:23:12,258-test_login.py-INFO-日志信息：开始测试：正常登录"
"2019-05-22 11:23:12,258-test_login.py-INFO-日志信息：开始测试：正常登录"
"2019-05-22 11:23:12,258-http_request.py-DEBUG-日志信息：请求url:http://test.lemonban.com/futureloan/mvc/api/member/login"
"2019-05-22 11:23:12,258-http_request.py-DEBUG-日志信息：请求url:http://test.lemonban.com/futureloan/mvc/api/member/login"
"2019-05-22 11:23:12,259-http_request.py-DEBUG-日志信息：请求data:{'mobilephone': '15810447878', 'pwd': '123456'}"
"2019-05-22 11:23:12,259-http_request.py-DEBUG-日志信息：请求data:{'mobilephone': '15810447878', 'pwd': '123456'}"
"2019-05-22 11:23:12,347-http_request.py-DEBUG-日志信息：请求response:{"status":1,"code":"10001","data":null,"msg":"登录成功"}"
"2019-05-22 11:23:12,347-http_request.py-DEBUG-日志信息：请求response:{"status":1,"code":"10001","data":null,"msg":"登录成功"}"
"2019-05-22 11:23:12,399-test_login.py-INFO-日志信息：结束测试：正常登录"
"2019-05-22 11:23:12,399-test_login.py-INFO-日志信息：结束测试：正常登录"
"2019-05-22 11:23:12,399-test_login.py-INFO-日志信息：开始测试：输入错误的密码"
"2019-05-22 11:23:12,399-test_login.py-INFO-日志信息：开始测试：输入错误的密码"
"2019-05-22 11:23:12,400-http_request.py-DEBUG-日志信息：请求url:http://test.lemonban.com/futureloan/mvc/api/member/login"
"2019-05-22 11:23:12,400-http_request.py-DEBUG-日志信息：请求url:http://test.lemonban.com/futureloan/mvc/api/member/login"
"2019-05-22 11:23:12,400-http_request.py-DEBUG-日志信息：请求data:{'mobilephone': '15810447878', 'pwd': '098786'}"
"2019-05-22 11:23:12,400-http_request.py-DEBUG-日志信息：请求data:{'mobilephone': '15810447878', 'pwd': '098786'}"
"2019-05-22 11:23:12,438-http_request.py-DEBUG-日志信息：请求response:{"status":0,"code":"20111","data":null,"msg":"用户名或密码错误"}"
"2019-05-22 11:23:12,438-http_request.py-DEBUG-日志信息：请求response:{"status":0,"code":"20111","data":null,"msg":"用户名或密码错误"}"
"2019-05-22 11:23:12,484-test_login.py-INFO-日志信息：结束测试：输入错误的密码"
"2019-05-22 11:23:12,484-test_login.py-INFO-日志信息：结束测试：输入错误的密码"
"2019-05-22 11:23:12,485-test_login.py-INFO-日志信息：开始测试：不输入密码"
"2019-05-22 11:23:12,485-test_login.py-INFO-日志信息：开始测试：不输入密码"
"2019-05-22 11:23:12,485-http_request.py-DEBUG-日志信息：请求url:http://test.lemonban.com/futureloan/mvc/api/member/login"
"2019-05-22 11:23:12,485-http_request.py-DEBUG-日志信息：请求url:http://test.lemonban.com/futureloan/mvc/api/member/login"
"2019-05-22 11:23:12,485-http_request.py-DEBUG-日志信息：请求data:{'mobilephone': '15810447878', 'pwd': ''}"
"2019-05-22 11:23:12,485-http_request.py-DEBUG-日志信息：请求data:{'mobilephone': '15810447878', 'pwd': ''}"
"2019-05-22 11:23:12,520-http_request.py-DEBUG-日志信息：请求response:{"status":0,"code":"20103","data":null,"msg":"密码不能为空"}"
"2019-05-22 11:23:12,520-http_request.py-DEBUG-日志信息：请求response:{"status":0,"code":"20103","data":null,"msg":"密码不能为空"}"
"2019-05-22 11:23:12,586-test_login.py-INFO-日志信息：结束测试：不输入密码"
"2019-05-22 11:23:12,586-test_login.py-INFO-日志信息：结束测试：不输入密码"
"2019-05-22 11:23:12,587-test_login.py-INFO-日志信息：开始测试：不输入手机号码"
"2019-05-22 11:23:12,587-test_login.py-INFO-日志信息：开始测试：不输入手机号码"
"2019-05-22 11:23:12,587-http_request.py-DEBUG-日志信息：请求url:http://test.lemonban.com/futureloan/mvc/api/member/login"
"2019-05-22 11:23:12,587-http_request.py-DEBUG-日志信息：请求url:http://test.lemonban.com/futureloan/mvc/api/member/login"
"2019-05-22 11:23:12,587-http_request.py-DEBUG-日志信息：请求data:{'mobilephone': '', 'pwd': '123456'}"
"2019-05-22 11:23:12,587-http_request.py-DEBUG-日志信息：请求data:{'mobilephone': '', 'pwd': '123456'}"
"2019-05-22 11:23:12,622-http_request.py-DEBUG-日志信息：请求response:{"status":0,"code":"20103","data":null,"msg":"手机号不能为空"}"
"2019-05-22 11:23:12,622-http_request.py-DEBUG-日志信息：请求response:{"status":0,"code":"20103","data":null,"msg":"手机号不能为空"}"
"2019-05-22 11:23:12,670-test_login.py-INFO-日志信息：结束测试：不输入手机号码"
"2019-05-22 11:23:12,670-test_login.py-INFO-日志信息：结束测试：不输入手机号码"
"2019-05-22 11:23:12,671-test_login.py-INFO-日志信息：测试后置处理"
"2019-05-22 11:23:12,671-test_login.py-INFO-日志信息：测试后置处理"
"2019-05-22 11:27:41,952-test_login.py-INFO-日志信息：准备测试前置"
"2019-05-22 11:28:06,452-test_login.py-INFO-日志信息：准备测试前置"
"2019-05-22 11:28:06,454-test_login.py-INFO-日志信息：开始测试：正常登录"
"2019-05-22 11:28:06,454-http_request.py-DEBUG-日志信息：请求url:http://test.lemonban.com/futureloan/mvc/api/member/login"
"2019-05-22 11:28:06,454-http_request.py-DEBUG-日志信息：请求data:{'mobilephone': '15810447878', 'pwd': '123456'}"
"2019-05-22 11:28:06,531-http_request.py-DEBUG-日志信息：请求response:{"status":1,"code":"10001","data":null,"msg":"登录成功"}"
"2019-05-22 11:28:06,576-test_login.py-INFO-日志信息：开始测试：输入错误的密码"
"2019-05-22 11:28:06,576-http_request.py-DEBUG-日志信息：请求url:http://test.lemonban.com/futureloan/mvc/api/member/login"
"2019-05-22 11:28:06,576-http_request.py-DEBUG-日志信息：请求data:{'mobilephone': '15810447878', 'pwd': '098786'}"
"2019-05-22 11:28:06,608-http_request.py-DEBUG-日志信息：请求response:{"status":0,"code":"20111","data":null,"msg":"用户名或密码错误"}"
"2019-05-22 11:28:06,655-test_login.py-INFO-日志信息：开始测试：不输入密码"
"2019-05-22 11:28:06,655-http_request.py-DEBUG-日志信息：请求url:http://test.lemonban.com/futureloan/mvc/api/member/login"
"2019-05-22 11:28:06,655-http_request.py-DEBUG-日志信息：请求data:{'mobilephone': '15810447878', 'pwd': ''}"
"2019-05-22 11:28:06,683-http_request.py-DEBUG-日志信息：请求response:{"status":0,"code":"20103","data":null,"msg":"密码不能为空"}"
"2019-05-22 11:28:06,728-test_login.py-INFO-日志信息：开始测试：不输入手机号码"
"2019-05-22 11:28:06,728-http_request.py-DEBUG-日志信息：请求url:http://test.lemonban.com/futureloan/mvc/api/member/login"
"2019-05-22 11:28:06,728-http_request.py-DEBUG-日志信息：请求data:{'mobilephone': '', 'pwd': '123456'}"
"2019-05-22 11:28:06,756-http_request.py-DEBUG-日志信息：请求response:{"status":0,"code":"20103","data":null,"msg":"手机号不能为空"}"
"2019-05-22 11:28:48,626-test_login.py-INFO-日志信息：准备测试前置"
"2019-05-22 11:28:48,629-test_login.py-INFO-日志信息：开始测试：正常登录"
"2019-05-22 11:28:48,629-http_request.py-DEBUG-日志信息：请求url:http://test.lemonban.com/futureloan/mvc/api/member/login"
"2019-05-22 11:28:48,630-http_request.py-DEBUG-日志信息：请求data:{'mobilephone': '15810447878', 'pwd': '123456'}"
"2019-05-22 11:28:48,705-http_request.py-DEBUG-日志信息：请求response:{"status":1,"code":"10001","data":null,"msg":"登录成功"}"
"2019-05-22 11:28:48,767-test_login.py-INFO-日志信息：结束测试：正常登录"
"2019-05-22 11:28:48,767-test_login.py-INFO-日志信息：开始测试：输入错误的密码"
"2019-05-22 11:28:48,767-http_request.py-DEBUG-日志信息：请求url:http://test.lemonban.com/futureloan/mvc/api/member/login"
"2019-05-22 11:28:48,768-http_request.py-DEBUG-日志信息：请求data:{'mobilephone': '15810447878', 'pwd': '098786'}"
"2019-05-22 11:28:48,803-http_request.py-DEBUG-日志信息：请求response:{"status":0,"code":"20111","data":null,"msg":"用户名或密码错误"}"
"2019-05-22 11:28:48,849-test_login.py-INFO-日志信息：结束测试：输入错误的密码"
"2019-05-22 11:28:48,849-test_login.py-INFO-日志信息：开始测试：不输入密码"
"2019-05-22 11:28:48,849-http_request.py-DEBUG-日志信息：请求url:http://test.lemonban.com/futureloan/mvc/api/member/login"
"2019-05-22 11:28:48,849-http_request.py-DEBUG-日志信息：请求data:{'mobilephone': '15810447878', 'pwd': ''}"
"2019-05-22 11:28:48,883-http_request.py-DEBUG-日志信息：请求response:{"status":0,"code":"20103","data":null,"msg":"密码不能为空"}"
"2019-05-22 11:28:48,929-test_login.py-INFO-日志信息：结束测试：不输入密码"
"2019-05-22 11:28:48,930-test_login.py-INFO-日志信息：开始测试：不输入手机号码"
"2019-05-22 11:28:48,930-http_request.py-DEBUG-日志信息：请求url:http://test.lemonban.com/futureloan/mvc/api/member/login"
"2019-05-22 11:28:48,930-http_request.py-DEBUG-日志信息：请求data:{'mobilephone': '', 'pwd': '123456'}"
"2019-05-22 11:28:48,964-http_request.py-DEBUG-日志信息：请求response:{"status":0,"code":"20103","data":null,"msg":"手机号不能为空"}"
"2019-05-22 11:28:49,038-test_login.py-INFO-日志信息：结束测试：不输入手机号码"
"2019-05-22 11:28:49,038-test_login.py-INFO-日志信息：测试后置处理"
"2019-05-23 17:17:56,640-http_request.py-DEBUG-日志信息：请求url:http://test.lemonban.com/futureloan/mvc/apihttp://test.lemonban.com/futureloan/mvc/api/member/login"
"2019-05-23 17:17:56,640-http_request.py-DEBUG-日志信息：请求data:{'mobilephone': '15810447878'}"
"2019-05-23 17:17:56,764-http_request.py-DEBUG-日志信息：请求response:{"status":0,"code":null,"data":null,"msg":"抱歉，请先登录。"}"
"2019-05-23 17:18:06,234-http_request.py-DEBUG-日志信息：请求url:http://test.lemonban.com/futureloan/mvc/apihttp://test.lemonban.com/futureloan/mvc/api/member/login"
"2019-05-23 17:18:06,234-http_request.py-DEBUG-日志信息：请求data:{'mobilephone': '15810447878', 'pwd': '123456'}"
"2019-05-23 17:18:06,333-http_request.py-DEBUG-日志信息：请求response:{"status":0,"code":null,"data":null,"msg":"抱歉，请先登录。"}"
"2019-05-23 17:18:34,660-http_request.py-DEBUG-日志信息：请求url:http://test.lemonban.com/futureloan/mvc/api/member/login"
"2019-05-23 17:18:34,661-http_request.py-DEBUG-日志信息：请求data:{'mobilephone': '15810447878', 'pwd': '123456'}"
"2019-05-23 17:18:34,725-http_request.py-DEBUG-日志信息：请求response:{"status":1,"code":"10001","data":null,"msg":"登录成功"}"
"2019-05-23 17:18:42,496-http_request.py-DEBUG-日志信息：请求url:http://test.lemonban.com/futureloan/mvc/api/member/login"
"2019-05-23 17:18:42,496-http_request.py-DEBUG-日志信息：请求data:{'mobilephone': '15810447878'}"
"2019-05-23 17:18:42,569-http_request.py-DEBUG-日志信息：请求response:{"status":0,"code":"20103","data":null,"msg":"密码不能为空"}"
"2019-05-23 17:18:54,074-http_request.py-DEBUG-日志信息：请求url:http://test.lemonban.com/futureloan/mvc/api/member/login"
"2019-05-23 17:18:54,075-http_request.py-DEBUG-日志信息：请求data:{}"
"2019-05-23 17:18:54,141-http_request.py-DEBUG-日志信息：请求response:{"status":0,"code":"20103","data":null,"msg":"手机号不能为空"}"
"2019-05-23 17:19:04,125-http_request.py-DEBUG-日志信息：请求url:http://test.lemonban.com/futureloan/mvc/api/member/login"
"2019-05-23 17:19:04,125-http_request.py-DEBUG-日志信息：请求data:{'user': '15810447878', 'pwd': '123456'}"
"2019-05-23 17:19:04,191-http_request.py-DEBUG-日志信息：请求response:{"status":0,"code":"20103","data":null,"msg":"手机号不能为空"}"
"2019-05-23 17:19:23,305-http_request.py-DEBUG-日志信息：请求url:http://test.lemonban.com/futureloan/mvc/api/member/login"
"2019-05-23 17:19:23,306-http_request.py-DEBUG-日志信息：请求data:{'user': '15810447878', 'pwd': '123456'}"
"2019-05-23 17:19:23,365-http_request.py-DEBUG-日志信息：请求response:{"status":0,"code":"20103","data":null,"msg":"手机号不能为空"}"
"2019-05-23 17:19:38,027-http_request.py-DEBUG-日志信息：请求url:http://test.lemonban.com/futureloan/mvc/api/member/login"
"2019-05-23 17:19:38,028-http_request.py-DEBUG-日志信息：请求data:{'user': '15810447878', 'pwd': '123456'}"
"2019-05-23 17:19:38,089-http_request.py-DEBUG-日志信息：请求response:{"status":0,"code":"20103","data":null,"msg":"手机号不能为空"}"
"2019-05-23 17:21:51,341-http_request.py-DEBUG-日志信息：请求url:http://10.200.141.56:81/account/user/passwd_smscode_login"
"2019-05-23 17:21:51,341-http_request.py-DEBUG-日志信息：请求data:{'user': '15810447878', 'pwd': '123456'}"
"2019-05-23 17:21:51,364-http_request.py-DEBUG-日志信息：请求response:<!DOCTYPE html><html><head><title>Apache Tomcat/8.0.47 - Error report</title><style type="text/css">H1 {font-family:Tahoma,Arial,sans-serif;color:white;background-color:#525D76;font-size:22px;} H2 {font-family:Tahoma,Arial,sans-serif;color:white;background-color:#525D76;font-size:16px;} H3 {font-family:Tahoma,Arial,sans-serif;color:white;background-color:#525D76;font-size:14px;} BODY {font-family:Tahoma,Arial,sans-serif;color:black;background-color:white;} B {font-family:Tahoma,Arial,sans-serif;color:white;background-color:#525D76;} P {font-family:Tahoma,Arial,sans-serif;background:white;color:black;font-size:12px;}A {color : black;}A.name {color : black;}.line {height: 1px; background-color: #525D76; border: none;}</style> </head><body><h1>HTTP Status 500 - java.lang.NullPointerException</h1><div class="line"></div><p><b>type</b> Exception report</p><p><b>message</b> <u>java.lang.NullPointerException</u></p><p><b>description</b> <u>The server encountered an internal error that prevented it from fulfilling this request.</u></p><p><b>exception</b></p><pre>javax.servlet.ServletException: java.lang.NullPointerException
	org.glassfish.jersey.servlet.WebComponent.service(WebComponent.java:423)
	org.glassfish.jersey.servlet.ServletContainer.service(ServletContainer.java:386)
	org.glassfish.jersey.servlet.ServletContainer.service(ServletContainer.java:334)
	org.glassfish.jersey.servlet.ServletContainer.service(ServletContainer.java:221)
	org.apache.tomcat.websocket.server.WsFilter.doFilter(WsFilter.java:52)
</pre><p><b>root cause</b></p><pre>java.lang.NullPointerException
	java.util.regex.Matcher.getTextLength(Matcher.java:1283)
	java.util.regex.Matcher.reset(Matcher.java:309)
	java.util.regex.Matcher.&lt;init&gt;(Matcher.java:229)
	java.util.regex.Pattern.matcher(Pattern.java:1093)
	com.tairanchina.md.account.utils.security.PhoneUtils.isPhone(PhoneUtils.java:11)
	com.tairanchina.md.account.resource.UserResource.postPhonePasswordLogin(UserResource.java:184)
	sun.reflect.GeneratedMethodAccessor413.invoke(Unknown Source)
	sun.reflect.DelegatingMethodAccessorImpl.invoke(DelegatingMethodAccessorImpl.java:43)
	java.lang.reflect.Method.invoke(Method.java:498)
	org.glassfish.jersey.server.model.internal.ResourceMethodInvocationHandlerFactory$1.invoke(ResourceMethodInvocationHandlerFactory.java:81)
	org.glassfish.jersey.server.model.internal.AbstractJavaResourceMethodDispatcher$1.run(AbstractJavaResourceMethodDispatcher.java:144)
	org.glassfish.jersey.server.model.internal.AbstractJavaResourceMethodDispatcher.invoke(AbstractJavaResourceMethodDispatcher.java:161)
	org.glassfish.jersey.server.model.internal.JavaResourceMethodDispatcherProvider$ResponseOutInvoker.doDispatch(JavaResourceMethodDispatcherProvider.java:160)
	org.glassfish.jersey.server.model.internal.AbstractJavaResourceMethodDispatcher.dispatch(AbstractJavaResourceMethodDispatcher.java:99)
	org.glassfish.jersey.server.model.ResourceMethodInvoker.invoke(ResourceMethodInvoker.java:389)
	org.glassfish.jersey.server.model.ResourceMethodInvoker.apply(ResourceMethodInvoker.java:347)
	org.glassfish.jersey.server.model.ResourceMethodInvoker.apply(ResourceMethodInvoker.java:102)
	org.glassfish.jersey.server.ServerRuntime$2.run(ServerRuntime.java:308)
	org.glassfish.jersey.internal.Errors$1.call(Errors.java:271)
	org.glassfish.jersey.internal.Errors$1.call(Errors.java:267)
	org.glassfish.jersey.internal.Errors.process(Errors.java:315)
	org.glassfish.jersey.internal.Errors.process(Errors.java:297)
	org.glassfish.jersey.internal.Errors.process(Errors.java:267)
	org.glassfish.jersey.process.internal.RequestScope.runInScope(RequestScope.java:317)
	org.glassfish.jersey.server.ServerRuntime.process(ServerRuntime.java:291)
	org.glassfish.jersey.server.ApplicationHandler.handle(ApplicationHandler.java:1140)
	org.glassfish.jersey.servlet.WebComponent.service(WebComponent.java:403)
	org.glassfish.jersey.servlet.ServletContainer.service(ServletContainer.java:386)
	org.glassfish.jersey.servlet.ServletContainer.service(ServletContainer.java:334)
	org.glassfish.jersey.servlet.ServletContainer.service(ServletContainer.java:221)
	org.apache.tomcat.websocket.server.WsFilter.doFilter(WsFilter.java:52)
</pre><p><b>note</b> <u>The full stack trace of the root cause is available in the Apache Tomcat/8.0.47 logs.</u></p><hr class="line"><h3>Apache Tomcat/8.0.47</h3></body></html>"
"2019-05-23 17:22:46,705-http_request.py-DEBUG-日志信息：请求url:http://10.200.141.56:81/account/user/passwd_smscode_login"
"2019-05-23 17:22:46,706-http_request.py-DEBUG-日志信息：请求data:{'phone': '15810447878', 'password': '123456', 'verifyCode': '1234'}"
"2019-05-23 17:22:46,774-http_request.py-DEBUG-日志信息：请求response:{"error":{"code":6,"description":"用户不存在"}}"
"2019-05-23 17:22:58,091-http_request.py-DEBUG-日志信息：请求url:http://10.200.141.56:81/account/user/passwd_smscode_login"
"2019-05-23 17:22:58,092-http_request.py-DEBUG-日志信息：请求data:{'phone': '15810447878', 'password': '123456'}"
"2019-05-23 17:22:58,152-http_request.py-DEBUG-日志信息：请求response:{"error":{"code":6,"description":"用户不存在"}}"
"2019-05-23 17:23:09,002-http_request.py-DEBUG-日志信息：请求url:http://10.200.141.56:81/account/user/passwd_smscode_login"
"2019-05-23 17:23:09,003-http_request.py-DEBUG-日志信息：请求data:{'phone': '18668208137', 'password': '123456', 'verifyCode': '1234'}"
"2019-05-23 17:23:09,209-http_request.py-DEBUG-日志信息：请求response:{"error":{"code":6,"description":"密码错误，请重新输入，还可以重试3次"}}"
"2019-05-23 17:23:21,574-http_request.py-DEBUG-日志信息：请求url:http://10.200.141.56:81/account/user/passwd_smscode_login"
"2019-05-23 17:23:21,575-http_request.py-DEBUG-日志信息：请求data:{'phone': '18668208137', 'password': '123qwe'}"
"2019-05-23 17:23:21,636-http_request.py-DEBUG-日志信息：请求response:{"error":{"code":7,"description":"请输入正确的验证码"}}"
